[debug] [2024-01-24T17:31:23.322Z] ----------------------------------------------------------------------
[debug] [2024-01-24T17:31:23.325Z] Command:       C:\Program Files\nodejs\node.exe C:\Users\Hj Man\AppData\Roaming\npm\node_modules\firebase-tools\lib\bin\firebase.js serve
[debug] [2024-01-24T17:31:23.326Z] CLI Version:   12.9.1
[debug] [2024-01-24T17:31:23.326Z] Platform:      win32
[debug] [2024-01-24T17:31:23.326Z] Node Version:  v20.9.0
[debug] [2024-01-24T17:31:23.326Z] Time:          Thu Jan 25 2024 01:31:23 GMT+0800 (Singapore Standard Time)
[debug] [2024-01-24T17:31:23.326Z] ----------------------------------------------------------------------
[debug] 
[debug] [2024-01-24T17:31:23.334Z] >>> [apiv2][query] GET https://firebase-public.firebaseio.com/cli.json [none]
[debug] [2024-01-24T17:31:23.573Z] > command requires scopes: ["email","openid","https://www.googleapis.com/auth/cloudplatformprojects.readonly","https://www.googleapis.com/auth/firebase","https://www.googleapis.com/auth/cloud-platform"]
[debug] [2024-01-24T17:31:23.573Z] > authorizing via signed-in user (mimbarilham@gmail.com)
[debug] [2024-01-24T17:31:23.574Z] [iam] checking project testingfirebase-3e0f7 for permissions ["firebase.projects.get"]
[debug] [2024-01-24T17:31:23.575Z] > refreshing access token with scopes: []
[debug] [2024-01-24T17:31:23.576Z] >>> [apiv2][query] POST https://www.googleapis.com/oauth2/v3/token [none]
[debug] [2024-01-24T17:31:23.576Z] >>> [apiv2][body] POST https://www.googleapis.com/oauth2/v3/token [omitted]
[debug] [2024-01-24T17:31:23.691Z] <<< [apiv2][status] POST https://www.googleapis.com/oauth2/v3/token 200
[debug] [2024-01-24T17:31:23.691Z] <<< [apiv2][body] POST https://www.googleapis.com/oauth2/v3/token [omitted]
[debug] [2024-01-24T17:31:23.704Z] >>> [apiv2][query] POST https://cloudresourcemanager.googleapis.com/v1/projects/testingfirebase-3e0f7:testIamPermissions [none]
[debug] [2024-01-24T17:31:23.705Z] >>> [apiv2][(partial)header] POST https://cloudresourcemanager.googleapis.com/v1/projects/testingfirebase-3e0f7:testIamPermissions x-goog-quota-user=projects/testingfirebase-3e0f7
[debug] [2024-01-24T17:31:23.705Z] >>> [apiv2][body] POST https://cloudresourcemanager.googleapis.com/v1/projects/testingfirebase-3e0f7:testIamPermissions {"permissions":["firebase.projects.get"]}
[debug] [2024-01-24T17:31:24.099Z] <<< [apiv2][status] GET https://firebase-public.firebaseio.com/cli.json 200
[debug] [2024-01-24T17:31:24.099Z] <<< [apiv2][body] GET https://firebase-public.firebaseio.com/cli.json {"cloudBuildErrorAfter":1594252800000,"cloudBuildWarnAfter":1590019200000,"defaultNode10After":1594252800000,"minVersion":"3.0.5","node8DeploysDisabledAfter":1613390400000,"node8RuntimeDisabledAfter":1615809600000,"node8WarnAfter":1600128000000}
[debug] [2024-01-24T17:31:24.802Z] <<< [apiv2][status] POST https://cloudresourcemanager.googleapis.com/v1/projects/testingfirebase-3e0f7:testIamPermissions 200
[debug] [2024-01-24T17:31:24.803Z] <<< [apiv2][body] POST https://cloudresourcemanager.googleapis.com/v1/projects/testingfirebase-3e0f7:testIamPermissions {"permissions":["firebase.projects.get"]}
[debug] [2024-01-24T17:31:24.803Z] >>> [apiv2][query] GET https://firebase.googleapis.com/v1beta1/projects/testingfirebase-3e0f7 [none]
[debug] [2024-01-24T17:31:25.124Z] <<< [apiv2][status] GET https://firebase.googleapis.com/v1beta1/projects/testingfirebase-3e0f7 200
[debug] [2024-01-24T17:31:25.124Z] <<< [apiv2][body] GET https://firebase.googleapis.com/v1beta1/projects/testingfirebase-3e0f7 {"projectId":"testingfirebase-3e0f7","projectNumber":"1085692725313","displayName":"Rintik","name":"projects/testingfirebase-3e0f7","resources":{"hostingSite":"testingfirebase-3e0f7","realtimeDatabaseInstance":"testingfirebase-3e0f7-default-rtdb","storageBucket":"testingfirebase-3e0f7.appspot.com","locationId":"us-central"},"state":"ACTIVE","etag":"1_3f188af5-02ab-4474-bd57-44a0fd832944"}
[info] 
[info] === Serving from 'D:\cat304\RINTIK\backend'...
[info] 
[debug] [2024-01-24T17:31:25.135Z] defaultcredentials: writing to file C:\Users\Hj Man\AppData\Roaming\firebase\mimbarilham_gmail_com_application_default_credentials.json
[debug] [2024-01-24T17:31:25.138Z] Setting GAC to C:\Users\Hj Man\AppData\Roaming\firebase\mimbarilham_gmail_com_application_default_credentials.json {"metadata":{"emulator":{"name":"functions"},"message":"Setting GAC to C:\\Users\\Hj Man\\AppData\\Roaming\\firebase\\mimbarilham_gmail_com_application_default_credentials.json"}}
[debug] [2024-01-24T17:31:25.139Z] >>> [apiv2][query] GET https://firebase.googleapis.com/v1beta1/projects/testingfirebase-3e0f7/adminSdkConfig [none]
[debug] [2024-01-24T17:31:26.016Z] <<< [apiv2][status] GET https://firebase.googleapis.com/v1beta1/projects/testingfirebase-3e0f7/adminSdkConfig 200
[debug] [2024-01-24T17:31:26.016Z] <<< [apiv2][body] GET https://firebase.googleapis.com/v1beta1/projects/testingfirebase-3e0f7/adminSdkConfig {"projectId":"testingfirebase-3e0f7","databaseURL":"https://testingfirebase-3e0f7-default-rtdb.firebaseio.com","storageBucket":"testingfirebase-3e0f7.appspot.com","locationId":"us-central"}
[info] i  functions: Watching "D:\cat304\RINTIK\backend\functions" for Cloud Functions... {"metadata":{"emulator":{"name":"functions"},"message":"Watching \"D:\\cat304\\RINTIK\\backend\\functions\" for Cloud Functions..."}}
[debug] [2024-01-24T17:31:26.045Z] Validating nodejs source
[debug] [2024-01-24T17:31:28.252Z] > [functions] package.json contents: {
  "name": "functions",
  "description": "Cloud Functions for Firebase",
  "scripts": {
    "serve": "firebase emulators:start --only functions",
    "shell": "firebase functions:shell",
    "start": "npm run shell",
    "deploy": "firebase deploy --only functions",
    "logs": "firebase functions:log",
    "build": "webpack"
  },
  "engines": {
    "node": "18"
  },
  "main": "index.js",
  "dependencies": {
    "busboy": "^1.6.0",
    "express": "^4.18.2",
    "firebase": "^10.7.0",
    "firebase-admin": "^11.8.0",
    "firebase-functions": "^4.6.0"
  },
  "devDependencies": {
    "firebase-functions-test": "^3.1.0"
  },
  "private": true
}
[debug] [2024-01-24T17:31:28.253Z] Building nodejs source
[debug] [2024-01-24T17:31:28.253Z] Failed to find version of module node: reached end of search path D:\cat304\RINTIK\backend\functions\node_modules
[warn] !  functions: Your requested "node" version "18" doesn't match your global version "20". Using node@20 from host. 
[debug] [2024-01-24T17:31:28.256Z] Could not find functions.yaml. Must use http discovery
[debug] [2024-01-24T17:31:28.270Z] Found firebase-functions binary at 'D:\cat304\RINTIK\backend\functions\node_modules\.bin\firebase-functions'
[info] Serving at port 8051

[debug] [2024-01-24T17:31:38.302Z] Got response from /__/functions.yaml {"endpoints":{"api":{"availableMemoryMb":null,"timeoutSeconds":null,"minInstances":null,"maxInstances":null,"ingressSettings":null,"concurrency":null,"serviceAccountEmail":null,"vpc":null,"platform":"gcfv2","labels":{},"httpsTrigger":{},"entryPoint":"api"},"getPlumbers":{"availableMemoryMb":null,"timeoutSeconds":null,"minInstances":null,"maxInstances":null,"ingressSettings":null,"concurrency":null,"serviceAccountEmail":null,"vpc":null,"platform":"gcfv2","labels":{},"httpsTrigger":{},"entryPoint":"getPlumbers"},"getReports":{"availableMemoryMb":null,"timeoutSeconds":null,"minInstances":null,"maxInstances":null,"ingressSettings":null,"concurrency":null,"serviceAccountEmail":null,"vpc":null,"platform":"gcfv2","labels":{},"httpsTrigger":{},"entryPoint":"getReports"},"addReports":{"availableMemoryMb":null,"timeoutSeconds":null,"minInstances":null,"maxInstances":null,"ingressSettings":null,"concurrency":null,"serviceAccountEmail":null,"vpc":null,"platform":"gcfv2","labels":{},"httpsTrigger":{},"entryPoint":"addReports"},"initializeArticles":{"availableMemoryMb":null,"timeoutSeconds":null,"minInstances":null,"maxInstances":null,"ingressSettings":null,"concurrency":null,"serviceAccountEmail":null,"vpc":null,"platform":"gcfv2","labels":{},"httpsTrigger":{},"entryPoint":"initializeArticles"},"getArticles":{"availableMemoryMb":null,"timeoutSeconds":null,"minInstances":null,"maxInstances":null,"ingressSettings":null,"concurrency":null,"serviceAccountEmail":null,"vpc":null,"platform":"gcfv2","labels":{},"httpsTrigger":{},"entryPoint":"getArticles"}},"specVersion":"v1alpha1","requiredAPIs":[]}
[info] +  functions: Loaded functions definitions from source: api, getPlumbers, getReports, addReports, initializeArticles, getArticles. {"metadata":{"emulator":{"name":"functions"},"message":"Loaded functions definitions from source: api, getPlumbers, getReports, addReports, initializeArticles, getArticles."}}
[info] +  functions[us-central1-api]: http function initialized (http://localhost:5000/testingfirebase-3e0f7/us-central1/api). {"metadata":{"emulator":{"name":"functions"},"message":"\u001b[1mhttp\u001b[22m function initialized (http://localhost:5000/testingfirebase-3e0f7/us-central1/api)."}}
[info] +  functions[us-central1-getPlumbers]: http function initialized (http://localhost:5000/testingfirebase-3e0f7/us-central1/getPlumbers). {"metadata":{"emulator":{"name":"functions"},"message":"\u001b[1mhttp\u001b[22m function initialized (http://localhost:5000/testingfirebase-3e0f7/us-central1/getPlumbers)."}}
[info] +  functions[us-central1-getReports]: http function initialized (http://localhost:5000/testingfirebase-3e0f7/us-central1/getReports). {"metadata":{"emulator":{"name":"functions"},"message":"\u001b[1mhttp\u001b[22m function initialized (http://localhost:5000/testingfirebase-3e0f7/us-central1/getReports)."}}
[info] +  functions[us-central1-addReports]: http function initialized (http://localhost:5000/testingfirebase-3e0f7/us-central1/addReports). {"metadata":{"emulator":{"name":"functions"},"message":"\u001b[1mhttp\u001b[22m function initialized (http://localhost:5000/testingfirebase-3e0f7/us-central1/addReports)."}}
[info] +  functions[us-central1-initializeArticles]: http function initialized (http://localhost:5000/testingfirebase-3e0f7/us-central1/initializeArticles). {"metadata":{"emulator":{"name":"functions"},"message":"\u001b[1mhttp\u001b[22m function initialized (http://localhost:5000/testingfirebase-3e0f7/us-central1/initializeArticles)."}}
[info] +  functions[us-central1-getArticles]: http function initialized (http://localhost:5000/testingfirebase-3e0f7/us-central1/getArticles). {"metadata":{"emulator":{"name":"functions"},"message":"\u001b[1mhttp\u001b[22m function initialized (http://localhost:5000/testingfirebase-3e0f7/us-central1/getArticles)."}}
[debug] [2024-01-24T17:34:00.156Z] [work-queue] {"queuedWork":["/testingfirebase-3e0f7/us-central1/api/login-2024-01-24T17:34:00.156Z"],"queueLength":1,"runningWork":[],"workRunningCount":0}
[debug] [2024-01-24T17:34:00.158Z] [work-queue] {"queuedWork":[],"queueLength":0,"runningWork":["/testingfirebase-3e0f7/us-central1/api/login-2024-01-24T17:34:00.156Z"],"workRunningCount":1}
[debug] [2024-01-24T17:34:00.159Z] Accepted request OPTIONS /testingfirebase-3e0f7/us-central1/api/login --> us-central1-api
[debug] [2024-01-24T17:34:00.165Z] [functions] Runtime ready! Sending request! {"metadata":{"emulator":{"name":"functions"},"message":"[functions] Runtime ready! Sending request!"}}
[debug] [2024-01-24T17:34:00.167Z] [functions] Got req.url=/testingfirebase-3e0f7/us-central1/api/login, mapping to path=/login {"metadata":{"emulator":{"name":"functions"},"message":"[functions] Got req.url=/testingfirebase-3e0f7/us-central1/api/login, mapping to path=/login"}}
[debug] [2024-01-24T17:34:00.214Z] [worker-pool] addWorker(us-central1-api) {"metadata":{"emulator":{"name":"functions"},"message":"[worker-pool] addWorker(us-central1-api)"}}
[debug] [2024-01-24T17:34:00.216Z] [worker-pool] Adding worker with key us-central1-api, total=1 {"metadata":{"emulator":{"name":"functions"},"message":"[worker-pool] Adding worker with key us-central1-api, total=1"}}
[debug] [2024-01-24T17:34:02.940Z] [work-queue] {"queuedWork":["/testingfirebase-3e0f7/us-central1/api/login-2024-01-24T17:34:02.940Z"],"queueLength":1,"runningWork":["/testingfirebase-3e0f7/us-central1/api/login-2024-01-24T17:34:00.156Z"],"workRunningCount":1}
[debug] [2024-01-24T17:34:02.941Z] [work-queue] {"queuedWork":[],"queueLength":0,"runningWork":["/testingfirebase-3e0f7/us-central1/api/login-2024-01-24T17:34:00.156Z","/testingfirebase-3e0f7/us-central1/api/login-2024-01-24T17:34:02.940Z"],"workRunningCount":2}
[debug] [2024-01-24T17:34:02.941Z] Accepted request OPTIONS /testingfirebase-3e0f7/us-central1/api/login --> us-central1-api
[debug] [2024-01-24T17:34:02.942Z] [functions] Runtime ready! Sending request! {"metadata":{"emulator":{"name":"functions"},"message":"[functions] Runtime ready! Sending request!"}}
[debug] [2024-01-24T17:34:02.943Z] [functions] Got req.url=/testingfirebase-3e0f7/us-central1/api/login, mapping to path=/login {"metadata":{"emulator":{"name":"functions"},"message":"[functions] Got req.url=/testingfirebase-3e0f7/us-central1/api/login, mapping to path=/login"}}
[debug] [2024-01-24T17:34:02.951Z] [worker-pool] addWorker(us-central1-api) {"metadata":{"emulator":{"name":"functions"},"message":"[worker-pool] addWorker(us-central1-api)"}}
[debug] [2024-01-24T17:34:02.952Z] [worker-pool] Adding worker with key us-central1-api, total=2 {"metadata":{"emulator":{"name":"functions"},"message":"[worker-pool] Adding worker with key us-central1-api, total=2"}}
[debug] [2024-01-24T17:34:03.007Z] [runtime-status] [11472] Resolved module firebase-admin {"declared":true,"installed":true,"version":"11.11.0","resolution":"D:\\cat304\\RINTIK\\backend\\functions\\node_modules\\firebase-admin\\lib\\index.js"} {"metadata":{"emulator":{"name":"functions"},"function":{"name":"us-central1-api"},"extension":{},"message":"[runtime-status] [11472] Resolved module firebase-admin {\"declared\":true,\"installed\":true,\"version\":\"11.11.0\",\"resolution\":\"D:\\\\cat304\\\\RINTIK\\\\backend\\\\functions\\\\node_modules\\\\firebase-admin\\\\lib\\\\index.js\"}"}}
[debug] [2024-01-24T17:34:03.009Z] [runtime-status] [11472] Resolved module firebase-functions {"declared":true,"installed":true,"version":"4.6.0","resolution":"D:\\cat304\\RINTIK\\backend\\functions\\node_modules\\firebase-functions\\lib\\v1\\index.js"} {"metadata":{"emulator":{"name":"functions"},"function":{"name":"us-central1-api"},"extension":{},"message":"[runtime-status] [11472] Resolved module firebase-functions {\"declared\":true,\"installed\":true,\"version\":\"4.6.0\",\"resolution\":\"D:\\\\cat304\\\\RINTIK\\\\backend\\\\functions\\\\node_modules\\\\firebase-functions\\\\lib\\\\v1\\\\index.js\"}"}}
[debug] [2024-01-24T17:34:03.010Z] [runtime-status] [11472] Outgoing network have been stubbed. [{"name":"http","status":"mocked"},{"name":"http","status":"mocked"},{"name":"https","status":"mocked"},{"name":"https","status":"mocked"},{"name":"net","status":"mocked"}] {"metadata":{"emulator":{"name":"functions"},"function":{"name":"us-central1-api"},"extension":{},"message":"[runtime-status] [11472] Outgoing network have been stubbed. [{\"name\":\"http\",\"status\":\"mocked\"},{\"name\":\"http\",\"status\":\"mocked\"},{\"name\":\"https\",\"status\":\"mocked\"},{\"name\":\"https\",\"status\":\"mocked\"},{\"name\":\"net\",\"status\":\"mocked\"}]"}}
[debug] [2024-01-24T17:34:03.012Z] [runtime-status] [11472] Resolved module firebase-functions {"declared":true,"installed":true,"version":"4.6.0","resolution":"D:\\cat304\\RINTIK\\backend\\functions\\node_modules\\firebase-functions\\lib\\v1\\index.js"} {"metadata":{"emulator":{"name":"functions"},"function":{"name":"us-central1-api"},"extension":{},"message":"[runtime-status] [11472] Resolved module firebase-functions {\"declared\":true,\"installed\":true,\"version\":\"4.6.0\",\"resolution\":\"D:\\\\cat304\\\\RINTIK\\\\backend\\\\functions\\\\node_modules\\\\firebase-functions\\\\lib\\\\v1\\\\index.js\"}"}}
[debug] [2024-01-24T17:34:03.878Z] [runtime-status] [11472] Checked functions.config() {"config":{}} {"metadata":{"emulator":{"name":"functions"},"function":{"name":"us-central1-api"},"extension":{},"message":"[runtime-status] [11472] Checked functions.config() {\"config\":{}}"}}
[debug] [2024-01-24T17:34:03.879Z] [runtime-status] [11472] firebase-functions has been stubbed. {"functionsResolution":{"declared":true,"installed":true,"version":"4.6.0","resolution":"D:\\cat304\\RINTIK\\backend\\functions\\node_modules\\firebase-functions\\lib\\v1\\index.js"}} {"metadata":{"emulator":{"name":"functions"},"function":{"name":"us-central1-api"},"extension":{},"message":"[runtime-status] [11472] firebase-functions has been stubbed. {\"functionsResolution\":{\"declared\":true,\"installed\":true,\"version\":\"4.6.0\",\"resolution\":\"D:\\\\cat304\\\\RINTIK\\\\backend\\\\functions\\\\node_modules\\\\firebase-functions\\\\lib\\\\v1\\\\index.js\"}}"}}
[debug] [2024-01-24T17:34:03.880Z] [runtime-status] [11472] Resolved module firebase-functions {"declared":true,"installed":true,"version":"4.6.0","resolution":"D:\\cat304\\RINTIK\\backend\\functions\\node_modules\\firebase-functions\\lib\\v1\\index.js"} {"metadata":{"emulator":{"name":"functions"},"function":{"name":"us-central1-api"},"extension":{},"message":"[runtime-status] [11472] Resolved module firebase-functions {\"declared\":true,\"installed\":true,\"version\":\"4.6.0\",\"resolution\":\"D:\\\\cat304\\\\RINTIK\\\\backend\\\\functions\\\\node_modules\\\\firebase-functions\\\\lib\\\\v1\\\\index.js\"}"}}
[debug] [2024-01-24T17:34:03.882Z] [runtime-status] [11472] Resolved module firebase-admin {"declared":true,"installed":true,"version":"11.11.0","resolution":"D:\\cat304\\RINTIK\\backend\\functions\\node_modules\\firebase-admin\\lib\\index.js"} {"metadata":{"emulator":{"name":"functions"},"function":{"name":"us-central1-api"},"extension":{},"message":"[runtime-status] [11472] Resolved module firebase-admin {\"declared\":true,\"installed\":true,\"version\":\"11.11.0\",\"resolution\":\"D:\\\\cat304\\\\RINTIK\\\\backend\\\\functions\\\\node_modules\\\\firebase-admin\\\\lib\\\\index.js\"}"}}
[debug] [2024-01-24T17:34:03.887Z] [runtime-status] [11472] Resolved module firebase-functions {"declared":true,"installed":true,"version":"4.6.0","resolution":"D:\\cat304\\RINTIK\\backend\\functions\\node_modules\\firebase-functions\\lib\\v1\\index.js"} {"metadata":{"emulator":{"name":"functions"},"function":{"name":"us-central1-api"},"extension":{},"message":"[runtime-status] [11472] Resolved module firebase-functions {\"declared\":true,\"installed\":true,\"version\":\"4.6.0\",\"resolution\":\"D:\\\\cat304\\\\RINTIK\\\\backend\\\\functions\\\\node_modules\\\\firebase-functions\\\\lib\\\\v1\\\\index.js\"}"}}
[debug] [2024-01-24T17:34:03.888Z] [runtime-status] [11472] firebase-admin has been stubbed. {"adminResolution":{"declared":true,"installed":true,"version":"11.11.0","resolution":"D:\\cat304\\RINTIK\\backend\\functions\\node_modules\\firebase-admin\\lib\\index.js"}} {"metadata":{"emulator":{"name":"functions"},"function":{"name":"us-central1-api"},"extension":{},"message":"[runtime-status] [11472] firebase-admin has been stubbed. {\"adminResolution\":{\"declared\":true,\"installed\":true,\"version\":\"11.11.0\",\"resolution\":\"D:\\\\cat304\\\\RINTIK\\\\backend\\\\functions\\\\node_modules\\\\firebase-admin\\\\lib\\\\index.js\"}}"}}
[debug] [2024-01-24T17:34:04.225Z] [runtime-status] [11472] initializeApp(DEFAULT) {"storageBucket":"testingfirebase-3e0f7.appspot.com","databaseURL":"https://testingfirebase-3e0f7-default-rtdb.firebaseio.com","projectId":"testingfirebase-3e0f7"} {"metadata":{"emulator":{"name":"functions"},"function":{"name":"us-central1-api"},"extension":{},"message":"[runtime-status] [11472] initializeApp(DEFAULT) {\"storageBucket\":\"testingfirebase-3e0f7.appspot.com\",\"databaseURL\":\"https://testingfirebase-3e0f7-default-rtdb.firebaseio.com\",\"projectId\":\"testingfirebase-3e0f7\"}"}}
[debug] [2024-01-24T17:34:04.564Z] [runtime-status] [11472] Functions runtime initialized. {"cwd":"D:\\cat304\\RINTIK\\backend\\functions","node_version":"20.9.0"} {"metadata":{"emulator":{"name":"functions"},"function":{"name":"us-central1-api"},"extension":{},"message":"[runtime-status] [11472] Functions runtime initialized. {\"cwd\":\"D:\\\\cat304\\\\RINTIK\\\\backend\\\\functions\",\"node_version\":\"20.9.0\"}"}}
[debug] [2024-01-24T17:34:04.565Z] [runtime-status] [11472] Listening to port: \\?\pipe\fire_emu_e4ed7c41bf8d636f {"metadata":{"emulator":{"name":"functions"},"function":{"name":"us-central1-api"},"extension":{},"message":"[runtime-status] [11472] Listening to port: \\\\?\\pipe\\fire_emu_e4ed7c41bf8d636f"}}
[debug] [2024-01-24T17:34:04.620Z] [worker-us-central1-api-419d34f3-8040-44fb-8148-41aef8ff6a46]: IDLE {"metadata":{"emulator":{"name":"functions"},"function":{"name":"us-central1-api"},"extension":{},"message":"[worker-us-central1-api-419d34f3-8040-44fb-8148-41aef8ff6a46]: IDLE"}}
[debug] [2024-01-24T17:34:04.621Z] [worker-pool] submitRequest(triggerId=us-central1-api) {"metadata":{"emulator":{"name":"functions"},"message":"[worker-pool] submitRequest(triggerId=us-central1-api)"}}
[info] i  functions: Beginning execution of "us-central1-api" {"metadata":{"emulator":{"name":"functions"},"function":{"name":"us-central1-api"},"extension":{},"message":"Beginning execution of \"us-central1-api\""}}
[debug] [2024-01-24T17:34:04.625Z] [worker-us-central1-api-419d34f3-8040-44fb-8148-41aef8ff6a46]: BUSY {"metadata":{"emulator":{"name":"functions"},"function":{"name":"us-central1-api"},"extension":{},"message":"[worker-us-central1-api-419d34f3-8040-44fb-8148-41aef8ff6a46]: BUSY"}}
[debug] [2024-01-24T17:34:04.632Z] Finishing up request with event=pause {"metadata":{"emulator":{"name":"functions"},"function":{"name":"us-central1-api"},"extension":{},"message":"Finishing up request with event=pause"}}
[info] i  functions: Finished "us-central1-api" in 8.1474ms {"metadata":{"emulator":{"name":"functions"},"function":{"name":"us-central1-api"},"extension":{},"message":"Finished \"us-central1-api\" in 8.1474ms"}}
[debug] [2024-01-24T17:34:04.634Z] [worker-us-central1-api-419d34f3-8040-44fb-8148-41aef8ff6a46]: IDLE {"metadata":{"emulator":{"name":"functions"},"function":{"name":"us-central1-api"},"extension":{},"message":"[worker-us-central1-api-419d34f3-8040-44fb-8148-41aef8ff6a46]: IDLE"}}
[debug] [2024-01-24T17:34:04.634Z] Finishing up request with event=finish {"metadata":{"emulator":{"name":"functions"},"function":{"name":"us-central1-api"},"extension":{},"message":"Finishing up request with event=finish"}}
[debug] [2024-01-24T17:34:04.635Z] Finishing up request with event=close {"metadata":{"emulator":{"name":"functions"},"function":{"name":"us-central1-api"},"extension":{},"message":"Finishing up request with event=close"}}
[debug] [2024-01-24T17:34:04.635Z] [work-queue] {"queuedWork":[],"queueLength":0,"runningWork":["/testingfirebase-3e0f7/us-central1/api/login-2024-01-24T17:34:02.940Z"],"workRunningCount":1}
[debug] [2024-01-24T17:34:04.643Z] [work-queue] {"queuedWork":["/testingfirebase-3e0f7/us-central1/api/login-2024-01-24T17:34:04.643Z"],"queueLength":1,"runningWork":["/testingfirebase-3e0f7/us-central1/api/login-2024-01-24T17:34:02.940Z"],"workRunningCount":1}
[debug] [2024-01-24T17:34:04.643Z] [work-queue] {"queuedWork":[],"queueLength":0,"runningWork":["/testingfirebase-3e0f7/us-central1/api/login-2024-01-24T17:34:02.940Z","/testingfirebase-3e0f7/us-central1/api/login-2024-01-24T17:34:04.643Z"],"workRunningCount":2}
[debug] [2024-01-24T17:34:04.644Z] Accepted request POST /testingfirebase-3e0f7/us-central1/api/login --> us-central1-api
[debug] [2024-01-24T17:34:04.645Z] [functions] Runtime ready! Sending request! {"metadata":{"emulator":{"name":"functions"},"message":"[functions] Runtime ready! Sending request!"}}
[debug] [2024-01-24T17:34:04.645Z] [functions] Got req.url=/testingfirebase-3e0f7/us-central1/api/login, mapping to path=/login {"metadata":{"emulator":{"name":"functions"},"message":"[functions] Got req.url=/testingfirebase-3e0f7/us-central1/api/login, mapping to path=/login"}}
[debug] [2024-01-24T17:34:04.645Z] [worker-pool] submitRequest(triggerId=us-central1-api) {"metadata":{"emulator":{"name":"functions"},"message":"[worker-pool] submitRequest(triggerId=us-central1-api)"}}
[info] i  functions: Beginning execution of "us-central1-api" {"metadata":{"emulator":{"name":"functions"},"function":{"name":"us-central1-api"},"extension":{},"message":"Beginning execution of \"us-central1-api\""}}
[debug] [2024-01-24T17:34:04.646Z] [worker-us-central1-api-419d34f3-8040-44fb-8148-41aef8ff6a46]: BUSY {"metadata":{"emulator":{"name":"functions"},"function":{"name":"us-central1-api"},"extension":{},"message":"[worker-us-central1-api-419d34f3-8040-44fb-8148-41aef8ff6a46]: BUSY"}}
[debug] [2024-01-24T17:34:04.682Z] Finishing up request with event=pause {"metadata":{"emulator":{"name":"functions"},"function":{"name":"us-central1-api"},"extension":{},"message":"Finishing up request with event=pause"}}
[info] i  functions: Finished "us-central1-api" in 37.3722ms {"metadata":{"emulator":{"name":"functions"},"function":{"name":"us-central1-api"},"extension":{},"message":"Finished \"us-central1-api\" in 37.3722ms"}}
[debug] [2024-01-24T17:34:04.684Z] [worker-us-central1-api-419d34f3-8040-44fb-8148-41aef8ff6a46]: IDLE {"metadata":{"emulator":{"name":"functions"},"function":{"name":"us-central1-api"},"extension":{},"message":"[worker-us-central1-api-419d34f3-8040-44fb-8148-41aef8ff6a46]: IDLE"}}
[debug] [2024-01-24T17:34:04.684Z] Finishing up request with event=finish {"metadata":{"emulator":{"name":"functions"},"function":{"name":"us-central1-api"},"extension":{},"message":"Finishing up request with event=finish"}}
[debug] [2024-01-24T17:34:04.684Z] Finishing up request with event=close {"metadata":{"emulator":{"name":"functions"},"function":{"name":"us-central1-api"},"extension":{},"message":"Finishing up request with event=close"}}
[debug] [2024-01-24T17:34:04.685Z] [work-queue] {"queuedWork":[],"queueLength":0,"runningWork":["/testingfirebase-3e0f7/us-central1/api/login-2024-01-24T17:34:02.940Z"],"workRunningCount":1}
[debug] [2024-01-24T17:34:05.653Z] [runtime-status] [504] Resolved module firebase-admin {"declared":true,"installed":true,"version":"11.11.0","resolution":"D:\\cat304\\RINTIK\\backend\\functions\\node_modules\\firebase-admin\\lib\\index.js"} {"metadata":{"emulator":{"name":"functions"},"function":{"name":"us-central1-api"},"extension":{},"message":"[runtime-status] [504] Resolved module firebase-admin {\"declared\":true,\"installed\":true,\"version\":\"11.11.0\",\"resolution\":\"D:\\\\cat304\\\\RINTIK\\\\backend\\\\functions\\\\node_modules\\\\firebase-admin\\\\lib\\\\index.js\"}"}}
[debug] [2024-01-24T17:34:05.656Z] [runtime-status] [504] Resolved module firebase-functions {"declared":true,"installed":true,"version":"4.6.0","resolution":"D:\\cat304\\RINTIK\\backend\\functions\\node_modules\\firebase-functions\\lib\\v1\\index.js"} {"metadata":{"emulator":{"name":"functions"},"function":{"name":"us-central1-api"},"extension":{},"message":"[runtime-status] [504] Resolved module firebase-functions {\"declared\":true,\"installed\":true,\"version\":\"4.6.0\",\"resolution\":\"D:\\\\cat304\\\\RINTIK\\\\backend\\\\functions\\\\node_modules\\\\firebase-functions\\\\lib\\\\v1\\\\index.js\"}"}}
[debug] [2024-01-24T17:34:05.657Z] [runtime-status] [504] Outgoing network have been stubbed. [{"name":"http","status":"mocked"},{"name":"http","status":"mocked"},{"name":"https","status":"mocked"},{"name":"https","status":"mocked"},{"name":"net","status":"mocked"}] {"metadata":{"emulator":{"name":"functions"},"function":{"name":"us-central1-api"},"extension":{},"message":"[runtime-status] [504] Outgoing network have been stubbed. [{\"name\":\"http\",\"status\":\"mocked\"},{\"name\":\"http\",\"status\":\"mocked\"},{\"name\":\"https\",\"status\":\"mocked\"},{\"name\":\"https\",\"status\":\"mocked\"},{\"name\":\"net\",\"status\":\"mocked\"}]"}}
[debug] [2024-01-24T17:34:05.658Z] [runtime-status] [504] Resolved module firebase-functions {"declared":true,"installed":true,"version":"4.6.0","resolution":"D:\\cat304\\RINTIK\\backend\\functions\\node_modules\\firebase-functions\\lib\\v1\\index.js"} {"metadata":{"emulator":{"name":"functions"},"function":{"name":"us-central1-api"},"extension":{},"message":"[runtime-status] [504] Resolved module firebase-functions {\"declared\":true,\"installed\":true,\"version\":\"4.6.0\",\"resolution\":\"D:\\\\cat304\\\\RINTIK\\\\backend\\\\functions\\\\node_modules\\\\firebase-functions\\\\lib\\\\v1\\\\index.js\"}"}}
[debug] [2024-01-24T17:34:06.275Z] [runtime-status] [504] Checked functions.config() {"config":{}} {"metadata":{"emulator":{"name":"functions"},"function":{"name":"us-central1-api"},"extension":{},"message":"[runtime-status] [504] Checked functions.config() {\"config\":{}}"}}
[debug] [2024-01-24T17:34:06.276Z] [runtime-status] [504] firebase-functions has been stubbed. {"functionsResolution":{"declared":true,"installed":true,"version":"4.6.0","resolution":"D:\\cat304\\RINTIK\\backend\\functions\\node_modules\\firebase-functions\\lib\\v1\\index.js"}} {"metadata":{"emulator":{"name":"functions"},"function":{"name":"us-central1-api"},"extension":{},"message":"[runtime-status] [504] firebase-functions has been stubbed. {\"functionsResolution\":{\"declared\":true,\"installed\":true,\"version\":\"4.6.0\",\"resolution\":\"D:\\\\cat304\\\\RINTIK\\\\backend\\\\functions\\\\node_modules\\\\firebase-functions\\\\lib\\\\v1\\\\index.js\"}}"}}
[debug] [2024-01-24T17:34:06.278Z] [runtime-status] [504] Resolved module firebase-functions {"declared":true,"installed":true,"version":"4.6.0","resolution":"D:\\cat304\\RINTIK\\backend\\functions\\node_modules\\firebase-functions\\lib\\v1\\index.js"} {"metadata":{"emulator":{"name":"functions"},"function":{"name":"us-central1-api"},"extension":{},"message":"[runtime-status] [504] Resolved module firebase-functions {\"declared\":true,\"installed\":true,\"version\":\"4.6.0\",\"resolution\":\"D:\\\\cat304\\\\RINTIK\\\\backend\\\\functions\\\\node_modules\\\\firebase-functions\\\\lib\\\\v1\\\\index.js\"}"}}
[debug] [2024-01-24T17:34:06.281Z] [runtime-status] [504] Resolved module firebase-admin {"declared":true,"installed":true,"version":"11.11.0","resolution":"D:\\cat304\\RINTIK\\backend\\functions\\node_modules\\firebase-admin\\lib\\index.js"} {"metadata":{"emulator":{"name":"functions"},"function":{"name":"us-central1-api"},"extension":{},"message":"[runtime-status] [504] Resolved module firebase-admin {\"declared\":true,\"installed\":true,\"version\":\"11.11.0\",\"resolution\":\"D:\\\\cat304\\\\RINTIK\\\\backend\\\\functions\\\\node_modules\\\\firebase-admin\\\\lib\\\\index.js\"}"}}
[debug] [2024-01-24T17:34:06.287Z] [runtime-status] [504] Resolved module firebase-functions {"declared":true,"installed":true,"version":"4.6.0","resolution":"D:\\cat304\\RINTIK\\backend\\functions\\node_modules\\firebase-functions\\lib\\v1\\index.js"} {"metadata":{"emulator":{"name":"functions"},"function":{"name":"us-central1-api"},"extension":{},"message":"[runtime-status] [504] Resolved module firebase-functions {\"declared\":true,\"installed\":true,\"version\":\"4.6.0\",\"resolution\":\"D:\\\\cat304\\\\RINTIK\\\\backend\\\\functions\\\\node_modules\\\\firebase-functions\\\\lib\\\\v1\\\\index.js\"}"}}
[debug] [2024-01-24T17:34:06.287Z] [runtime-status] [504] firebase-admin has been stubbed. {"adminResolution":{"declared":true,"installed":true,"version":"11.11.0","resolution":"D:\\cat304\\RINTIK\\backend\\functions\\node_modules\\firebase-admin\\lib\\index.js"}} {"metadata":{"emulator":{"name":"functions"},"function":{"name":"us-central1-api"},"extension":{},"message":"[runtime-status] [504] firebase-admin has been stubbed. {\"adminResolution\":{\"declared\":true,\"installed\":true,\"version\":\"11.11.0\",\"resolution\":\"D:\\\\cat304\\\\RINTIK\\\\backend\\\\functions\\\\node_modules\\\\firebase-admin\\\\lib\\\\index.js\"}}"}}
[debug] [2024-01-24T17:34:06.535Z] [runtime-status] [504] initializeApp(DEFAULT) {"storageBucket":"testingfirebase-3e0f7.appspot.com","databaseURL":"https://testingfirebase-3e0f7-default-rtdb.firebaseio.com","projectId":"testingfirebase-3e0f7"} {"metadata":{"emulator":{"name":"functions"},"function":{"name":"us-central1-api"},"extension":{},"message":"[runtime-status] [504] initializeApp(DEFAULT) {\"storageBucket\":\"testingfirebase-3e0f7.appspot.com\",\"databaseURL\":\"https://testingfirebase-3e0f7-default-rtdb.firebaseio.com\",\"projectId\":\"testingfirebase-3e0f7\"}"}}
[debug] [2024-01-24T17:34:06.794Z] [runtime-status] [504] Functions runtime initialized. {"cwd":"D:\\cat304\\RINTIK\\backend\\functions","node_version":"20.9.0"} {"metadata":{"emulator":{"name":"functions"},"function":{"name":"us-central1-api"},"extension":{},"message":"[runtime-status] [504] Functions runtime initialized. {\"cwd\":\"D:\\\\cat304\\\\RINTIK\\\\backend\\\\functions\",\"node_version\":\"20.9.0\"}"}}
[debug] [2024-01-24T17:34:06.795Z] [runtime-status] [504] Listening to port: \\?\pipe\fire_emu_0cd7b254e0d951e9 {"metadata":{"emulator":{"name":"functions"},"function":{"name":"us-central1-api"},"extension":{},"message":"[runtime-status] [504] Listening to port: \\\\?\\pipe\\fire_emu_0cd7b254e0d951e9"}}
[debug] [2024-01-24T17:34:06.911Z] [worker-us-central1-api-482b3707-0b2b-4be8-8fe3-ae51fc63472c]: IDLE {"metadata":{"emulator":{"name":"functions"},"function":{"name":"us-central1-api"},"extension":{},"message":"[worker-us-central1-api-482b3707-0b2b-4be8-8fe3-ae51fc63472c]: IDLE"}}
[debug] [2024-01-24T17:34:06.911Z] [worker-pool] submitRequest(triggerId=us-central1-api) {"metadata":{"emulator":{"name":"functions"},"message":"[worker-pool] submitRequest(triggerId=us-central1-api)"}}
[info] i  functions: Beginning execution of "us-central1-api" {"metadata":{"emulator":{"name":"functions"},"function":{"name":"us-central1-api"},"extension":{},"message":"Beginning execution of \"us-central1-api\""}}
[debug] [2024-01-24T17:34:06.913Z] [worker-us-central1-api-419d34f3-8040-44fb-8148-41aef8ff6a46]: BUSY {"metadata":{"emulator":{"name":"functions"},"function":{"name":"us-central1-api"},"extension":{},"message":"[worker-us-central1-api-419d34f3-8040-44fb-8148-41aef8ff6a46]: BUSY"}}
[debug] [2024-01-24T17:34:06.916Z] Finishing up request with event=pause {"metadata":{"emulator":{"name":"functions"},"function":{"name":"us-central1-api"},"extension":{},"message":"Finishing up request with event=pause"}}
[info] i  functions: Finished "us-central1-api" in 3.5903ms {"metadata":{"emulator":{"name":"functions"},"function":{"name":"us-central1-api"},"extension":{},"message":"Finished \"us-central1-api\" in 3.5903ms"}}
[debug] [2024-01-24T17:34:06.918Z] [worker-us-central1-api-419d34f3-8040-44fb-8148-41aef8ff6a46]: IDLE {"metadata":{"emulator":{"name":"functions"},"function":{"name":"us-central1-api"},"extension":{},"message":"[worker-us-central1-api-419d34f3-8040-44fb-8148-41aef8ff6a46]: IDLE"}}
[debug] [2024-01-24T17:34:06.919Z] Finishing up request with event=finish {"metadata":{"emulator":{"name":"functions"},"function":{"name":"us-central1-api"},"extension":{},"message":"Finishing up request with event=finish"}}
[debug] [2024-01-24T17:34:06.919Z] Finishing up request with event=close {"metadata":{"emulator":{"name":"functions"},"function":{"name":"us-central1-api"},"extension":{},"message":"Finishing up request with event=close"}}
[debug] [2024-01-24T17:34:06.919Z] [work-queue] {"queuedWork":[],"queueLength":0,"runningWork":[],"workRunningCount":0}
[debug] [2024-01-24T17:34:06.929Z] [work-queue] {"queuedWork":["/testingfirebase-3e0f7/us-central1/api/login-2024-01-24T17:34:06.929Z"],"queueLength":1,"runningWork":[],"workRunningCount":0}
[debug] [2024-01-24T17:34:06.930Z] [work-queue] {"queuedWork":[],"queueLength":0,"runningWork":["/testingfirebase-3e0f7/us-central1/api/login-2024-01-24T17:34:06.929Z"],"workRunningCount":1}
[debug] [2024-01-24T17:34:06.930Z] Accepted request POST /testingfirebase-3e0f7/us-central1/api/login --> us-central1-api
[debug] [2024-01-24T17:34:06.931Z] [functions] Runtime ready! Sending request! {"metadata":{"emulator":{"name":"functions"},"message":"[functions] Runtime ready! Sending request!"}}
[debug] [2024-01-24T17:34:06.931Z] [functions] Got req.url=/testingfirebase-3e0f7/us-central1/api/login, mapping to path=/login {"metadata":{"emulator":{"name":"functions"},"message":"[functions] Got req.url=/testingfirebase-3e0f7/us-central1/api/login, mapping to path=/login"}}
[debug] [2024-01-24T17:34:06.932Z] [worker-pool] submitRequest(triggerId=us-central1-api) {"metadata":{"emulator":{"name":"functions"},"message":"[worker-pool] submitRequest(triggerId=us-central1-api)"}}
[info] i  functions: Beginning execution of "us-central1-api" {"metadata":{"emulator":{"name":"functions"},"function":{"name":"us-central1-api"},"extension":{},"message":"Beginning execution of \"us-central1-api\""}}
[debug] [2024-01-24T17:34:06.934Z] [worker-us-central1-api-419d34f3-8040-44fb-8148-41aef8ff6a46]: BUSY {"metadata":{"emulator":{"name":"functions"},"function":{"name":"us-central1-api"},"extension":{},"message":"[worker-us-central1-api-419d34f3-8040-44fb-8148-41aef8ff6a46]: BUSY"}}
[debug] [2024-01-24T17:34:06.940Z] Finishing up request with event=pause {"metadata":{"emulator":{"name":"functions"},"function":{"name":"us-central1-api"},"extension":{},"message":"Finishing up request with event=pause"}}
[info] i  functions: Finished "us-central1-api" in 6.6249ms {"metadata":{"emulator":{"name":"functions"},"function":{"name":"us-central1-api"},"extension":{},"message":"Finished \"us-central1-api\" in 6.6249ms"}}
[debug] [2024-01-24T17:34:06.942Z] [worker-us-central1-api-419d34f3-8040-44fb-8148-41aef8ff6a46]: IDLE {"metadata":{"emulator":{"name":"functions"},"function":{"name":"us-central1-api"},"extension":{},"message":"[worker-us-central1-api-419d34f3-8040-44fb-8148-41aef8ff6a46]: IDLE"}}
[debug] [2024-01-24T17:34:06.943Z] Finishing up request with event=finish {"metadata":{"emulator":{"name":"functions"},"function":{"name":"us-central1-api"},"extension":{},"message":"Finishing up request with event=finish"}}
[debug] [2024-01-24T17:34:06.943Z] Finishing up request with event=close {"metadata":{"emulator":{"name":"functions"},"function":{"name":"us-central1-api"},"extension":{},"message":"Finishing up request with event=close"}}
[debug] [2024-01-24T17:34:06.943Z] [work-queue] {"queuedWork":[],"queueLength":0,"runningWork":[],"workRunningCount":0}
[debug] [2024-01-24T17:34:11.710Z] [work-queue] {"queuedWork":["/testingfirebase-3e0f7/us-central1/api/login-2024-01-24T17:34:11.710Z"],"queueLength":1,"runningWork":[],"workRunningCount":0}
[debug] [2024-01-24T17:34:11.710Z] [work-queue] {"queuedWork":[],"queueLength":0,"runningWork":["/testingfirebase-3e0f7/us-central1/api/login-2024-01-24T17:34:11.710Z"],"workRunningCount":1}
[debug] [2024-01-24T17:34:11.710Z] Accepted request POST /testingfirebase-3e0f7/us-central1/api/login --> us-central1-api
[debug] [2024-01-24T17:34:11.711Z] [functions] Runtime ready! Sending request! {"metadata":{"emulator":{"name":"functions"},"message":"[functions] Runtime ready! Sending request!"}}
[debug] [2024-01-24T17:34:11.711Z] [functions] Got req.url=/testingfirebase-3e0f7/us-central1/api/login, mapping to path=/login {"metadata":{"emulator":{"name":"functions"},"message":"[functions] Got req.url=/testingfirebase-3e0f7/us-central1/api/login, mapping to path=/login"}}
[debug] [2024-01-24T17:34:11.711Z] [worker-pool] submitRequest(triggerId=us-central1-api) {"metadata":{"emulator":{"name":"functions"},"message":"[worker-pool] submitRequest(triggerId=us-central1-api)"}}
[info] i  functions: Beginning execution of "us-central1-api" {"metadata":{"emulator":{"name":"functions"},"function":{"name":"us-central1-api"},"extension":{},"message":"Beginning execution of \"us-central1-api\""}}
[debug] [2024-01-24T17:34:11.712Z] [worker-us-central1-api-419d34f3-8040-44fb-8148-41aef8ff6a46]: BUSY {"metadata":{"emulator":{"name":"functions"},"function":{"name":"us-central1-api"},"extension":{},"message":"[worker-us-central1-api-419d34f3-8040-44fb-8148-41aef8ff6a46]: BUSY"}}
[debug] [2024-01-24T17:34:12.460Z] Finishing up request with event=pause {"metadata":{"emulator":{"name":"functions"},"function":{"name":"us-central1-api"},"extension":{},"message":"Finishing up request with event=pause"}}
[info] i  functions: Finished "us-central1-api" in 748.6264ms {"metadata":{"emulator":{"name":"functions"},"function":{"name":"us-central1-api"},"extension":{},"message":"Finished \"us-central1-api\" in 748.6264ms"}}
[debug] [2024-01-24T17:34:12.461Z] [worker-us-central1-api-419d34f3-8040-44fb-8148-41aef8ff6a46]: IDLE {"metadata":{"emulator":{"name":"functions"},"function":{"name":"us-central1-api"},"extension":{},"message":"[worker-us-central1-api-419d34f3-8040-44fb-8148-41aef8ff6a46]: IDLE"}}
[debug] [2024-01-24T17:34:12.461Z] Finishing up request with event=finish {"metadata":{"emulator":{"name":"functions"},"function":{"name":"us-central1-api"},"extension":{},"message":"Finishing up request with event=finish"}}
[debug] [2024-01-24T17:34:12.461Z] Finishing up request with event=close {"metadata":{"emulator":{"name":"functions"},"function":{"name":"us-central1-api"},"extension":{},"message":"Finishing up request with event=close"}}
[debug] [2024-01-24T17:34:12.462Z] [work-queue] {"queuedWork":[],"queueLength":0,"runningWork":[],"workRunningCount":0}
[debug] [2024-01-24T17:35:34.221Z] [work-queue] {"queuedWork":["/testingfirebase-3e0f7/us-central1/api/login-2024-01-24T17:35:34.221Z"],"queueLength":1,"runningWork":[],"workRunningCount":0}
[debug] [2024-01-24T17:35:34.221Z] [work-queue] {"queuedWork":[],"queueLength":0,"runningWork":["/testingfirebase-3e0f7/us-central1/api/login-2024-01-24T17:35:34.221Z"],"workRunningCount":1}
[debug] [2024-01-24T17:35:34.221Z] Accepted request OPTIONS /testingfirebase-3e0f7/us-central1/api/login --> us-central1-api
[debug] [2024-01-24T17:35:34.225Z] [functions] Runtime ready! Sending request! {"metadata":{"emulator":{"name":"functions"},"message":"[functions] Runtime ready! Sending request!"}}
[debug] [2024-01-24T17:35:34.225Z] [functions] Got req.url=/testingfirebase-3e0f7/us-central1/api/login, mapping to path=/login {"metadata":{"emulator":{"name":"functions"},"message":"[functions] Got req.url=/testingfirebase-3e0f7/us-central1/api/login, mapping to path=/login"}}
[debug] [2024-01-24T17:35:34.225Z] [worker-pool] submitRequest(triggerId=us-central1-api) {"metadata":{"emulator":{"name":"functions"},"message":"[worker-pool] submitRequest(triggerId=us-central1-api)"}}
[info] i  functions: Beginning execution of "us-central1-api" {"metadata":{"emulator":{"name":"functions"},"function":{"name":"us-central1-api"},"extension":{},"message":"Beginning execution of \"us-central1-api\""}}
[debug] [2024-01-24T17:35:34.226Z] [worker-us-central1-api-419d34f3-8040-44fb-8148-41aef8ff6a46]: BUSY {"metadata":{"emulator":{"name":"functions"},"function":{"name":"us-central1-api"},"extension":{},"message":"[worker-us-central1-api-419d34f3-8040-44fb-8148-41aef8ff6a46]: BUSY"}}
[debug] [2024-01-24T17:35:34.231Z] Finishing up request with event=pause {"metadata":{"emulator":{"name":"functions"},"function":{"name":"us-central1-api"},"extension":{},"message":"Finishing up request with event=pause"}}
[info] i  functions: Finished "us-central1-api" in 5.1308ms {"metadata":{"emulator":{"name":"functions"},"function":{"name":"us-central1-api"},"extension":{},"message":"Finished \"us-central1-api\" in 5.1308ms"}}
[debug] [2024-01-24T17:35:34.232Z] [worker-us-central1-api-419d34f3-8040-44fb-8148-41aef8ff6a46]: IDLE {"metadata":{"emulator":{"name":"functions"},"function":{"name":"us-central1-api"},"extension":{},"message":"[worker-us-central1-api-419d34f3-8040-44fb-8148-41aef8ff6a46]: IDLE"}}
[debug] [2024-01-24T17:35:34.232Z] Finishing up request with event=finish {"metadata":{"emulator":{"name":"functions"},"function":{"name":"us-central1-api"},"extension":{},"message":"Finishing up request with event=finish"}}
[debug] [2024-01-24T17:35:34.232Z] Finishing up request with event=close {"metadata":{"emulator":{"name":"functions"},"function":{"name":"us-central1-api"},"extension":{},"message":"Finishing up request with event=close"}}
[debug] [2024-01-24T17:35:34.232Z] [work-queue] {"queuedWork":[],"queueLength":0,"runningWork":[],"workRunningCount":0}
[debug] [2024-01-24T17:35:34.237Z] [work-queue] {"queuedWork":["/testingfirebase-3e0f7/us-central1/api/login-2024-01-24T17:35:34.237Z"],"queueLength":1,"runningWork":[],"workRunningCount":0}
[debug] [2024-01-24T17:35:34.237Z] [work-queue] {"queuedWork":[],"queueLength":0,"runningWork":["/testingfirebase-3e0f7/us-central1/api/login-2024-01-24T17:35:34.237Z"],"workRunningCount":1}
[debug] [2024-01-24T17:35:34.237Z] Accepted request POST /testingfirebase-3e0f7/us-central1/api/login --> us-central1-api
[debug] [2024-01-24T17:35:34.241Z] [functions] Runtime ready! Sending request! {"metadata":{"emulator":{"name":"functions"},"message":"[functions] Runtime ready! Sending request!"}}
[debug] [2024-01-24T17:35:34.241Z] [functions] Got req.url=/testingfirebase-3e0f7/us-central1/api/login, mapping to path=/login {"metadata":{"emulator":{"name":"functions"},"message":"[functions] Got req.url=/testingfirebase-3e0f7/us-central1/api/login, mapping to path=/login"}}
[debug] [2024-01-24T17:35:34.241Z] [worker-pool] submitRequest(triggerId=us-central1-api) {"metadata":{"emulator":{"name":"functions"},"message":"[worker-pool] submitRequest(triggerId=us-central1-api)"}}
[info] i  functions: Beginning execution of "us-central1-api" {"metadata":{"emulator":{"name":"functions"},"function":{"name":"us-central1-api"},"extension":{},"message":"Beginning execution of \"us-central1-api\""}}
[debug] [2024-01-24T17:35:34.242Z] [worker-us-central1-api-419d34f3-8040-44fb-8148-41aef8ff6a46]: BUSY {"metadata":{"emulator":{"name":"functions"},"function":{"name":"us-central1-api"},"extension":{},"message":"[worker-us-central1-api-419d34f3-8040-44fb-8148-41aef8ff6a46]: BUSY"}}
[debug] [2024-01-24T17:35:34.853Z] Finishing up request with event=pause {"metadata":{"emulator":{"name":"functions"},"function":{"name":"us-central1-api"},"extension":{},"message":"Finishing up request with event=pause"}}
[info] i  functions: Finished "us-central1-api" in 611.3956ms {"metadata":{"emulator":{"name":"functions"},"function":{"name":"us-central1-api"},"extension":{},"message":"Finished \"us-central1-api\" in 611.3956ms"}}
[debug] [2024-01-24T17:35:34.854Z] [worker-us-central1-api-419d34f3-8040-44fb-8148-41aef8ff6a46]: IDLE {"metadata":{"emulator":{"name":"functions"},"function":{"name":"us-central1-api"},"extension":{},"message":"[worker-us-central1-api-419d34f3-8040-44fb-8148-41aef8ff6a46]: IDLE"}}
[debug] [2024-01-24T17:35:34.854Z] Finishing up request with event=finish {"metadata":{"emulator":{"name":"functions"},"function":{"name":"us-central1-api"},"extension":{},"message":"Finishing up request with event=finish"}}
[debug] [2024-01-24T17:35:34.854Z] Finishing up request with event=close {"metadata":{"emulator":{"name":"functions"},"function":{"name":"us-central1-api"},"extension":{},"message":"Finishing up request with event=close"}}
[debug] [2024-01-24T17:35:34.854Z] [work-queue] {"queuedWork":[],"queueLength":0,"runningWork":[],"workRunningCount":0}
[debug] [2024-01-24T17:35:34.938Z] [work-queue] {"queuedWork":["/testingfirebase-3e0f7/us-central1/api/posts-2024-01-24T17:35:34.938Z"],"queueLength":1,"runningWork":[],"workRunningCount":0}
[debug] [2024-01-24T17:35:34.938Z] [work-queue] {"queuedWork":[],"queueLength":0,"runningWork":["/testingfirebase-3e0f7/us-central1/api/posts-2024-01-24T17:35:34.938Z"],"workRunningCount":1}
[debug] [2024-01-24T17:35:34.938Z] Accepted request GET /testingfirebase-3e0f7/us-central1/api/posts --> us-central1-api
[debug] [2024-01-24T17:35:34.939Z] [functions] Runtime ready! Sending request! {"metadata":{"emulator":{"name":"functions"},"message":"[functions] Runtime ready! Sending request!"}}
[debug] [2024-01-24T17:35:34.939Z] [functions] Got req.url=/testingfirebase-3e0f7/us-central1/api/posts, mapping to path=/posts {"metadata":{"emulator":{"name":"functions"},"message":"[functions] Got req.url=/testingfirebase-3e0f7/us-central1/api/posts, mapping to path=/posts"}}
[debug] [2024-01-24T17:35:34.940Z] [worker-pool] submitRequest(triggerId=us-central1-api) {"metadata":{"emulator":{"name":"functions"},"message":"[worker-pool] submitRequest(triggerId=us-central1-api)"}}
[info] i  functions: Beginning execution of "us-central1-api" {"metadata":{"emulator":{"name":"functions"},"function":{"name":"us-central1-api"},"extension":{},"message":"Beginning execution of \"us-central1-api\""}}
[debug] [2024-01-24T17:35:34.940Z] [worker-us-central1-api-419d34f3-8040-44fb-8148-41aef8ff6a46]: BUSY {"metadata":{"emulator":{"name":"functions"},"function":{"name":"us-central1-api"},"extension":{},"message":"[worker-us-central1-api-419d34f3-8040-44fb-8148-41aef8ff6a46]: BUSY"}}
[warn] !  Google API requested!
   - URL: "https://oauth2.googleapis.com/token"
   - Be careful, this may be a production service. {"metadata":{"emulator":{"name":"functions"},"function":{"name":"us-central1-api"},"extension":{},"message":"Google API requested!\n   - URL: \"https://oauth2.googleapis.com/token\"\n   - Be careful, this may be a production service."}}
[debug] [2024-01-24T17:35:42.395Z] Finishing up request with event=pause {"metadata":{"emulator":{"name":"functions"},"function":{"name":"us-central1-api"},"extension":{},"message":"Finishing up request with event=pause"}}
[info] i  functions: Finished "us-central1-api" in 7454.9806ms {"metadata":{"emulator":{"name":"functions"},"function":{"name":"us-central1-api"},"extension":{},"message":"Finished \"us-central1-api\" in 7454.9806ms"}}
[debug] [2024-01-24T17:35:42.395Z] [worker-us-central1-api-419d34f3-8040-44fb-8148-41aef8ff6a46]: IDLE {"metadata":{"emulator":{"name":"functions"},"function":{"name":"us-central1-api"},"extension":{},"message":"[worker-us-central1-api-419d34f3-8040-44fb-8148-41aef8ff6a46]: IDLE"}}
[debug] [2024-01-24T17:35:42.396Z] Finishing up request with event=finish {"metadata":{"emulator":{"name":"functions"},"function":{"name":"us-central1-api"},"extension":{},"message":"Finishing up request with event=finish"}}
[debug] [2024-01-24T17:35:42.396Z] Finishing up request with event=close {"metadata":{"emulator":{"name":"functions"},"function":{"name":"us-central1-api"},"extension":{},"message":"Finishing up request with event=close"}}
[debug] [2024-01-24T17:35:42.396Z] [work-queue] {"queuedWork":[],"queueLength":0,"runningWork":[],"workRunningCount":0}
[debug] [2024-01-24T17:35:42.397Z] [work-queue] {"queuedWork":["/testingfirebase-3e0f7/us-central1/api/posts-2024-01-24T17:35:42.397Z"],"queueLength":1,"runningWork":[],"workRunningCount":0}
[debug] [2024-01-24T17:35:42.397Z] [work-queue] {"queuedWork":[],"queueLength":0,"runningWork":["/testingfirebase-3e0f7/us-central1/api/posts-2024-01-24T17:35:42.397Z"],"workRunningCount":1}
[debug] [2024-01-24T17:35:42.398Z] Accepted request GET /testingfirebase-3e0f7/us-central1/api/posts --> us-central1-api
[debug] [2024-01-24T17:35:42.402Z] [functions] Runtime ready! Sending request! {"metadata":{"emulator":{"name":"functions"},"message":"[functions] Runtime ready! Sending request!"}}
[debug] [2024-01-24T17:35:42.402Z] [functions] Got req.url=/testingfirebase-3e0f7/us-central1/api/posts, mapping to path=/posts {"metadata":{"emulator":{"name":"functions"},"message":"[functions] Got req.url=/testingfirebase-3e0f7/us-central1/api/posts, mapping to path=/posts"}}
[debug] [2024-01-24T17:35:42.402Z] [worker-pool] submitRequest(triggerId=us-central1-api) {"metadata":{"emulator":{"name":"functions"},"message":"[worker-pool] submitRequest(triggerId=us-central1-api)"}}
[info] i  functions: Beginning execution of "us-central1-api" {"metadata":{"emulator":{"name":"functions"},"function":{"name":"us-central1-api"},"extension":{},"message":"Beginning execution of \"us-central1-api\""}}
[debug] [2024-01-24T17:35:42.403Z] [worker-us-central1-api-419d34f3-8040-44fb-8148-41aef8ff6a46]: BUSY {"metadata":{"emulator":{"name":"functions"},"function":{"name":"us-central1-api"},"extension":{},"message":"[worker-us-central1-api-419d34f3-8040-44fb-8148-41aef8ff6a46]: BUSY"}}
[debug] [2024-01-24T17:35:42.729Z] Finishing up request with event=pause {"metadata":{"emulator":{"name":"functions"},"function":{"name":"us-central1-api"},"extension":{},"message":"Finishing up request with event=pause"}}
[info] i  functions: Finished "us-central1-api" in 326.463ms {"metadata":{"emulator":{"name":"functions"},"function":{"name":"us-central1-api"},"extension":{},"message":"Finished \"us-central1-api\" in 326.463ms"}}
[debug] [2024-01-24T17:35:42.730Z] [worker-us-central1-api-419d34f3-8040-44fb-8148-41aef8ff6a46]: IDLE {"metadata":{"emulator":{"name":"functions"},"function":{"name":"us-central1-api"},"extension":{},"message":"[worker-us-central1-api-419d34f3-8040-44fb-8148-41aef8ff6a46]: IDLE"}}
[debug] [2024-01-24T17:35:42.730Z] Finishing up request with event=finish {"metadata":{"emulator":{"name":"functions"},"function":{"name":"us-central1-api"},"extension":{},"message":"Finishing up request with event=finish"}}
[debug] [2024-01-24T17:35:42.730Z] Finishing up request with event=close {"metadata":{"emulator":{"name":"functions"},"function":{"name":"us-central1-api"},"extension":{},"message":"Finishing up request with event=close"}}
[debug] [2024-01-24T17:35:42.730Z] [work-queue] {"queuedWork":[],"queueLength":0,"runningWork":[],"workRunningCount":0}
[debug] [2024-01-24T17:35:51.365Z] [work-queue] {"queuedWork":["/testingfirebase-3e0f7/us-central1/api/login-2024-01-24T17:35:51.365Z"],"queueLength":1,"runningWork":[],"workRunningCount":0}
[debug] [2024-01-24T17:35:51.365Z] [work-queue] {"queuedWork":[],"queueLength":0,"runningWork":["/testingfirebase-3e0f7/us-central1/api/login-2024-01-24T17:35:51.365Z"],"workRunningCount":1}
[debug] [2024-01-24T17:35:51.365Z] Accepted request OPTIONS /testingfirebase-3e0f7/us-central1/api/login --> us-central1-api
[debug] [2024-01-24T17:35:51.369Z] [functions] Runtime ready! Sending request! {"metadata":{"emulator":{"name":"functions"},"message":"[functions] Runtime ready! Sending request!"}}
[debug] [2024-01-24T17:35:51.369Z] [functions] Got req.url=/testingfirebase-3e0f7/us-central1/api/login, mapping to path=/login {"metadata":{"emulator":{"name":"functions"},"message":"[functions] Got req.url=/testingfirebase-3e0f7/us-central1/api/login, mapping to path=/login"}}
[debug] [2024-01-24T17:35:51.369Z] [worker-pool] submitRequest(triggerId=us-central1-api) {"metadata":{"emulator":{"name":"functions"},"message":"[worker-pool] submitRequest(triggerId=us-central1-api)"}}
[info] i  functions: Beginning execution of "us-central1-api" {"metadata":{"emulator":{"name":"functions"},"function":{"name":"us-central1-api"},"extension":{},"message":"Beginning execution of \"us-central1-api\""}}
[debug] [2024-01-24T17:35:51.370Z] [worker-us-central1-api-419d34f3-8040-44fb-8148-41aef8ff6a46]: BUSY {"metadata":{"emulator":{"name":"functions"},"function":{"name":"us-central1-api"},"extension":{},"message":"[worker-us-central1-api-419d34f3-8040-44fb-8148-41aef8ff6a46]: BUSY"}}
[debug] [2024-01-24T17:35:51.373Z] Finishing up request with event=pause {"metadata":{"emulator":{"name":"functions"},"function":{"name":"us-central1-api"},"extension":{},"message":"Finishing up request with event=pause"}}
[info] i  functions: Finished "us-central1-api" in 3.0317ms {"metadata":{"emulator":{"name":"functions"},"function":{"name":"us-central1-api"},"extension":{},"message":"Finished \"us-central1-api\" in 3.0317ms"}}
[debug] [2024-01-24T17:35:51.373Z] [worker-us-central1-api-419d34f3-8040-44fb-8148-41aef8ff6a46]: IDLE {"metadata":{"emulator":{"name":"functions"},"function":{"name":"us-central1-api"},"extension":{},"message":"[worker-us-central1-api-419d34f3-8040-44fb-8148-41aef8ff6a46]: IDLE"}}
[debug] [2024-01-24T17:35:51.374Z] Finishing up request with event=finish {"metadata":{"emulator":{"name":"functions"},"function":{"name":"us-central1-api"},"extension":{},"message":"Finishing up request with event=finish"}}
[debug] [2024-01-24T17:35:51.374Z] Finishing up request with event=close {"metadata":{"emulator":{"name":"functions"},"function":{"name":"us-central1-api"},"extension":{},"message":"Finishing up request with event=close"}}
[debug] [2024-01-24T17:35:51.374Z] [work-queue] {"queuedWork":[],"queueLength":0,"runningWork":[],"workRunningCount":0}
[debug] [2024-01-24T17:35:51.380Z] [work-queue] {"queuedWork":["/testingfirebase-3e0f7/us-central1/api/login-2024-01-24T17:35:51.380Z"],"queueLength":1,"runningWork":[],"workRunningCount":0}
[debug] [2024-01-24T17:35:51.380Z] [work-queue] {"queuedWork":[],"queueLength":0,"runningWork":["/testingfirebase-3e0f7/us-central1/api/login-2024-01-24T17:35:51.380Z"],"workRunningCount":1}
[debug] [2024-01-24T17:35:51.380Z] Accepted request POST /testingfirebase-3e0f7/us-central1/api/login --> us-central1-api
[debug] [2024-01-24T17:35:51.383Z] [functions] Runtime ready! Sending request! {"metadata":{"emulator":{"name":"functions"},"message":"[functions] Runtime ready! Sending request!"}}
[debug] [2024-01-24T17:35:51.384Z] [functions] Got req.url=/testingfirebase-3e0f7/us-central1/api/login, mapping to path=/login {"metadata":{"emulator":{"name":"functions"},"message":"[functions] Got req.url=/testingfirebase-3e0f7/us-central1/api/login, mapping to path=/login"}}
[debug] [2024-01-24T17:35:51.384Z] [worker-pool] submitRequest(triggerId=us-central1-api) {"metadata":{"emulator":{"name":"functions"},"message":"[worker-pool] submitRequest(triggerId=us-central1-api)"}}
[info] i  functions: Beginning execution of "us-central1-api" {"metadata":{"emulator":{"name":"functions"},"function":{"name":"us-central1-api"},"extension":{},"message":"Beginning execution of \"us-central1-api\""}}
[debug] [2024-01-24T17:35:51.384Z] [worker-us-central1-api-419d34f3-8040-44fb-8148-41aef8ff6a46]: BUSY {"metadata":{"emulator":{"name":"functions"},"function":{"name":"us-central1-api"},"extension":{},"message":"[worker-us-central1-api-419d34f3-8040-44fb-8148-41aef8ff6a46]: BUSY"}}
[debug] [2024-01-24T17:35:51.387Z] Finishing up request with event=pause {"metadata":{"emulator":{"name":"functions"},"function":{"name":"us-central1-api"},"extension":{},"message":"Finishing up request with event=pause"}}
[info] i  functions: Finished "us-central1-api" in 3.194ms {"metadata":{"emulator":{"name":"functions"},"function":{"name":"us-central1-api"},"extension":{},"message":"Finished \"us-central1-api\" in 3.194ms"}}
[debug] [2024-01-24T17:35:51.388Z] [worker-us-central1-api-419d34f3-8040-44fb-8148-41aef8ff6a46]: IDLE {"metadata":{"emulator":{"name":"functions"},"function":{"name":"us-central1-api"},"extension":{},"message":"[worker-us-central1-api-419d34f3-8040-44fb-8148-41aef8ff6a46]: IDLE"}}
[debug] [2024-01-24T17:35:51.388Z] Finishing up request with event=finish {"metadata":{"emulator":{"name":"functions"},"function":{"name":"us-central1-api"},"extension":{},"message":"Finishing up request with event=finish"}}
[debug] [2024-01-24T17:35:51.388Z] Finishing up request with event=close {"metadata":{"emulator":{"name":"functions"},"function":{"name":"us-central1-api"},"extension":{},"message":"Finishing up request with event=close"}}
[debug] [2024-01-24T17:35:51.389Z] [work-queue] {"queuedWork":[],"queueLength":0,"runningWork":[],"workRunningCount":0}
[debug] [2024-01-24T17:35:55.368Z] [work-queue] {"queuedWork":["/testingfirebase-3e0f7/us-central1/api/login-2024-01-24T17:35:55.368Z"],"queueLength":1,"runningWork":[],"workRunningCount":0}
[debug] [2024-01-24T17:35:55.369Z] [work-queue] {"queuedWork":[],"queueLength":0,"runningWork":["/testingfirebase-3e0f7/us-central1/api/login-2024-01-24T17:35:55.368Z"],"workRunningCount":1}
[debug] [2024-01-24T17:35:55.369Z] Accepted request POST /testingfirebase-3e0f7/us-central1/api/login --> us-central1-api
[debug] [2024-01-24T17:35:55.370Z] [functions] Runtime ready! Sending request! {"metadata":{"emulator":{"name":"functions"},"message":"[functions] Runtime ready! Sending request!"}}
[debug] [2024-01-24T17:35:55.370Z] [functions] Got req.url=/testingfirebase-3e0f7/us-central1/api/login, mapping to path=/login {"metadata":{"emulator":{"name":"functions"},"message":"[functions] Got req.url=/testingfirebase-3e0f7/us-central1/api/login, mapping to path=/login"}}
[debug] [2024-01-24T17:35:55.370Z] [worker-pool] submitRequest(triggerId=us-central1-api) {"metadata":{"emulator":{"name":"functions"},"message":"[worker-pool] submitRequest(triggerId=us-central1-api)"}}
[info] i  functions: Beginning execution of "us-central1-api" {"metadata":{"emulator":{"name":"functions"},"function":{"name":"us-central1-api"},"extension":{},"message":"Beginning execution of \"us-central1-api\""}}
[debug] [2024-01-24T17:35:55.370Z] [worker-us-central1-api-419d34f3-8040-44fb-8148-41aef8ff6a46]: BUSY {"metadata":{"emulator":{"name":"functions"},"function":{"name":"us-central1-api"},"extension":{},"message":"[worker-us-central1-api-419d34f3-8040-44fb-8148-41aef8ff6a46]: BUSY"}}
[info] >  FirebaseError: Firebase: The email address is badly formatted. (auth/invalid-email). {"user":"FirebaseError: Firebase: The email address is badly formatted. (auth/invalid-email).","metadata":{"emulator":{"name":"functions"},"function":{"name":"us-central1-api"},"extension":{},"message":"\u001b[90m> \u001b[39m FirebaseError: Firebase: The email address is badly formatted. (auth/invalid-email)."}}
[info] >      at createErrorInternal (D:\cat304\RINTIK\backend\functions\node_modules\@firebase\auth\dist\node\totp-58078139.js:517:55) {"user":"    at createErrorInternal (D:\\cat304\\RINTIK\\backend\\functions\\node_modules\\@firebase\\auth\\dist\\node\\totp-58078139.js:517:55)","metadata":{"emulator":{"name":"functions"},"function":{"name":"us-central1-api"},"extension":{},"message":"\u001b[90m> \u001b[39m     at createErrorInternal (D:\\cat304\\RINTIK\\backend\\functions\\node_modules\\@firebase\\auth\\dist\\node\\totp-58078139.js:517:55)"}}
[info] >      at _fail (D:\cat304\RINTIK\backend\functions\node_modules\@firebase\auth\dist\node\totp-58078139.js:488:31) {"user":"    at _fail (D:\\cat304\\RINTIK\\backend\\functions\\node_modules\\@firebase\\auth\\dist\\node\\totp-58078139.js:488:31)","metadata":{"emulator":{"name":"functions"},"function":{"name":"us-central1-api"},"extension":{},"message":"\u001b[90m> \u001b[39m     at _fail (D:\\cat304\\RINTIK\\backend\\functions\\node_modules\\@firebase\\auth\\dist\\node\\totp-58078139.js:488:31)"}}
[info] >      at D:\cat304\RINTIK\backend\functions\node_modules\@firebase\auth\dist\node\totp-58078139.js:986:29 {"user":"    at D:\\cat304\\RINTIK\\backend\\functions\\node_modules\\@firebase\\auth\\dist\\node\\totp-58078139.js:986:29","metadata":{"emulator":{"name":"functions"},"function":{"name":"us-central1-api"},"extension":{},"message":"\u001b[90m> \u001b[39m     at D:\\cat304\\RINTIK\\backend\\functions\\node_modules\\@firebase\\auth\\dist\\node\\totp-58078139.js:986:29"}}
[info] >      at step (D:\cat304\RINTIK\backend\functions\node_modules\tslib\tslib.js:195:27) {"user":"    at step (D:\\cat304\\RINTIK\\backend\\functions\\node_modules\\tslib\\tslib.js:195:27)","metadata":{"emulator":{"name":"functions"},"function":{"name":"us-central1-api"},"extension":{},"message":"\u001b[90m> \u001b[39m     at step (D:\\cat304\\RINTIK\\backend\\functions\\node_modules\\tslib\\tslib.js:195:27)"}}
[info] >      at Object.next (D:\cat304\RINTIK\backend\functions\node_modules\tslib\tslib.js:176:57) {"user":"    at Object.next (D:\\cat304\\RINTIK\\backend\\functions\\node_modules\\tslib\\tslib.js:176:57)","metadata":{"emulator":{"name":"functions"},"function":{"name":"us-central1-api"},"extension":{},"message":"\u001b[90m> \u001b[39m     at Object.next (D:\\cat304\\RINTIK\\backend\\functions\\node_modules\\tslib\\tslib.js:176:57)"}}
[info] >      at fulfilled (D:\cat304\RINTIK\backend\functions\node_modules\tslib\tslib.js:166:62) {"user":"    at fulfilled (D:\\cat304\\RINTIK\\backend\\functions\\node_modules\\tslib\\tslib.js:166:62)","metadata":{"emulator":{"name":"functions"},"function":{"name":"us-central1-api"},"extension":{},"message":"\u001b[90m> \u001b[39m     at fulfilled (D:\\cat304\\RINTIK\\backend\\functions\\node_modules\\tslib\\tslib.js:166:62)"}}
[info] >      at process.processTicksAndRejections (node:internal/process/task_queues:95:5) { {"user":"    at process.processTicksAndRejections (node:internal/process/task_queues:95:5) {","metadata":{"emulator":{"name":"functions"},"function":{"name":"us-central1-api"},"extension":{},"message":"\u001b[90m> \u001b[39m     at process.processTicksAndRejections (node:internal/process/task_queues:95:5) {"}}
[info] >    code: 'auth/invalid-email', {"user":"  code: 'auth/invalid-email',","metadata":{"emulator":{"name":"functions"},"function":{"name":"us-central1-api"},"extension":{},"message":"\u001b[90m> \u001b[39m   code: 'auth/invalid-email',"}}
[info] >    customData: {} {"user":"  customData: {}","metadata":{"emulator":{"name":"functions"},"function":{"name":"us-central1-api"},"extension":{},"message":"\u001b[90m> \u001b[39m   customData: {}"}}
[info] >  } {"user":"}","metadata":{"emulator":{"name":"functions"},"function":{"name":"us-central1-api"},"extension":{},"message":"\u001b[90m> \u001b[39m }"}}
[debug] [2024-01-24T17:35:55.706Z] Finishing up request with event=pause {"metadata":{"emulator":{"name":"functions"},"function":{"name":"us-central1-api"},"extension":{},"message":"Finishing up request with event=pause"}}
[info] i  functions: Finished "us-central1-api" in 336.1472ms {"metadata":{"emulator":{"name":"functions"},"function":{"name":"us-central1-api"},"extension":{},"message":"Finished \"us-central1-api\" in 336.1472ms"}}
[debug] [2024-01-24T17:35:55.707Z] [worker-us-central1-api-419d34f3-8040-44fb-8148-41aef8ff6a46]: IDLE {"metadata":{"emulator":{"name":"functions"},"function":{"name":"us-central1-api"},"extension":{},"message":"[worker-us-central1-api-419d34f3-8040-44fb-8148-41aef8ff6a46]: IDLE"}}
[debug] [2024-01-24T17:35:55.707Z] Finishing up request with event=finish {"metadata":{"emulator":{"name":"functions"},"function":{"name":"us-central1-api"},"extension":{},"message":"Finishing up request with event=finish"}}
[debug] [2024-01-24T17:35:55.707Z] Finishing up request with event=close {"metadata":{"emulator":{"name":"functions"},"function":{"name":"us-central1-api"},"extension":{},"message":"Finishing up request with event=close"}}
[debug] [2024-01-24T17:35:55.708Z] [work-queue] {"queuedWork":[],"queueLength":0,"runningWork":[],"workRunningCount":0}
[debug] [2024-01-24T17:36:03.402Z] [work-queue] {"queuedWork":["/testingfirebase-3e0f7/us-central1/api/login-2024-01-24T17:36:03.402Z"],"queueLength":1,"runningWork":[],"workRunningCount":0}
[debug] [2024-01-24T17:36:03.402Z] [work-queue] {"queuedWork":[],"queueLength":0,"runningWork":["/testingfirebase-3e0f7/us-central1/api/login-2024-01-24T17:36:03.402Z"],"workRunningCount":1}
[debug] [2024-01-24T17:36:03.402Z] Accepted request OPTIONS /testingfirebase-3e0f7/us-central1/api/login --> us-central1-api
[debug] [2024-01-24T17:36:03.405Z] [functions] Runtime ready! Sending request! {"metadata":{"emulator":{"name":"functions"},"message":"[functions] Runtime ready! Sending request!"}}
[debug] [2024-01-24T17:36:03.405Z] [functions] Got req.url=/testingfirebase-3e0f7/us-central1/api/login, mapping to path=/login {"metadata":{"emulator":{"name":"functions"},"message":"[functions] Got req.url=/testingfirebase-3e0f7/us-central1/api/login, mapping to path=/login"}}
[debug] [2024-01-24T17:36:03.405Z] [worker-pool] submitRequest(triggerId=us-central1-api) {"metadata":{"emulator":{"name":"functions"},"message":"[worker-pool] submitRequest(triggerId=us-central1-api)"}}
[info] i  functions: Beginning execution of "us-central1-api" {"metadata":{"emulator":{"name":"functions"},"function":{"name":"us-central1-api"},"extension":{},"message":"Beginning execution of \"us-central1-api\""}}
[debug] [2024-01-24T17:36:03.406Z] [worker-us-central1-api-419d34f3-8040-44fb-8148-41aef8ff6a46]: BUSY {"metadata":{"emulator":{"name":"functions"},"function":{"name":"us-central1-api"},"extension":{},"message":"[worker-us-central1-api-419d34f3-8040-44fb-8148-41aef8ff6a46]: BUSY"}}
[debug] [2024-01-24T17:36:03.408Z] Finishing up request with event=pause {"metadata":{"emulator":{"name":"functions"},"function":{"name":"us-central1-api"},"extension":{},"message":"Finishing up request with event=pause"}}
[info] i  functions: Finished "us-central1-api" in 2.8829ms {"metadata":{"emulator":{"name":"functions"},"function":{"name":"us-central1-api"},"extension":{},"message":"Finished \"us-central1-api\" in 2.8829ms"}}
[debug] [2024-01-24T17:36:03.410Z] [worker-us-central1-api-419d34f3-8040-44fb-8148-41aef8ff6a46]: IDLE {"metadata":{"emulator":{"name":"functions"},"function":{"name":"us-central1-api"},"extension":{},"message":"[worker-us-central1-api-419d34f3-8040-44fb-8148-41aef8ff6a46]: IDLE"}}
[debug] [2024-01-24T17:36:03.410Z] Finishing up request with event=finish {"metadata":{"emulator":{"name":"functions"},"function":{"name":"us-central1-api"},"extension":{},"message":"Finishing up request with event=finish"}}
[debug] [2024-01-24T17:36:03.410Z] Finishing up request with event=close {"metadata":{"emulator":{"name":"functions"},"function":{"name":"us-central1-api"},"extension":{},"message":"Finishing up request with event=close"}}
[debug] [2024-01-24T17:36:03.410Z] [work-queue] {"queuedWork":[],"queueLength":0,"runningWork":[],"workRunningCount":0}
[debug] [2024-01-24T17:36:03.416Z] [work-queue] {"queuedWork":["/testingfirebase-3e0f7/us-central1/api/login-2024-01-24T17:36:03.416Z"],"queueLength":1,"runningWork":[],"workRunningCount":0}
[debug] [2024-01-24T17:36:03.416Z] [work-queue] {"queuedWork":[],"queueLength":0,"runningWork":["/testingfirebase-3e0f7/us-central1/api/login-2024-01-24T17:36:03.416Z"],"workRunningCount":1}
[debug] [2024-01-24T17:36:03.416Z] Accepted request POST /testingfirebase-3e0f7/us-central1/api/login --> us-central1-api
[debug] [2024-01-24T17:36:03.419Z] [functions] Runtime ready! Sending request! {"metadata":{"emulator":{"name":"functions"},"message":"[functions] Runtime ready! Sending request!"}}
[debug] [2024-01-24T17:36:03.420Z] [functions] Got req.url=/testingfirebase-3e0f7/us-central1/api/login, mapping to path=/login {"metadata":{"emulator":{"name":"functions"},"message":"[functions] Got req.url=/testingfirebase-3e0f7/us-central1/api/login, mapping to path=/login"}}
[debug] [2024-01-24T17:36:03.420Z] [worker-pool] submitRequest(triggerId=us-central1-api) {"metadata":{"emulator":{"name":"functions"},"message":"[worker-pool] submitRequest(triggerId=us-central1-api)"}}
[info] i  functions: Beginning execution of "us-central1-api" {"metadata":{"emulator":{"name":"functions"},"function":{"name":"us-central1-api"},"extension":{},"message":"Beginning execution of \"us-central1-api\""}}
[debug] [2024-01-24T17:36:03.420Z] [worker-us-central1-api-419d34f3-8040-44fb-8148-41aef8ff6a46]: BUSY {"metadata":{"emulator":{"name":"functions"},"function":{"name":"us-central1-api"},"extension":{},"message":"[worker-us-central1-api-419d34f3-8040-44fb-8148-41aef8ff6a46]: BUSY"}}
[debug] [2024-01-24T17:36:04.047Z] Finishing up request with event=pause {"metadata":{"emulator":{"name":"functions"},"function":{"name":"us-central1-api"},"extension":{},"message":"Finishing up request with event=pause"}}
[info] i  functions: Finished "us-central1-api" in 627.1175ms {"metadata":{"emulator":{"name":"functions"},"function":{"name":"us-central1-api"},"extension":{},"message":"Finished \"us-central1-api\" in 627.1175ms"}}
[debug] [2024-01-24T17:36:04.048Z] [worker-us-central1-api-419d34f3-8040-44fb-8148-41aef8ff6a46]: IDLE {"metadata":{"emulator":{"name":"functions"},"function":{"name":"us-central1-api"},"extension":{},"message":"[worker-us-central1-api-419d34f3-8040-44fb-8148-41aef8ff6a46]: IDLE"}}
[debug] [2024-01-24T17:36:04.048Z] Finishing up request with event=finish {"metadata":{"emulator":{"name":"functions"},"function":{"name":"us-central1-api"},"extension":{},"message":"Finishing up request with event=finish"}}
[debug] [2024-01-24T17:36:04.048Z] Finishing up request with event=close {"metadata":{"emulator":{"name":"functions"},"function":{"name":"us-central1-api"},"extension":{},"message":"Finishing up request with event=close"}}
[debug] [2024-01-24T17:36:04.049Z] [work-queue] {"queuedWork":[],"queueLength":0,"runningWork":[],"workRunningCount":0}
[debug] [2024-01-24T17:36:04.117Z] [work-queue] {"queuedWork":["/testingfirebase-3e0f7/us-central1/api/posts-2024-01-24T17:36:04.117Z"],"queueLength":1,"runningWork":[],"workRunningCount":0}
[debug] [2024-01-24T17:36:04.117Z] [work-queue] {"queuedWork":[],"queueLength":0,"runningWork":["/testingfirebase-3e0f7/us-central1/api/posts-2024-01-24T17:36:04.117Z"],"workRunningCount":1}
[debug] [2024-01-24T17:36:04.117Z] Accepted request GET /testingfirebase-3e0f7/us-central1/api/posts --> us-central1-api
[debug] [2024-01-24T17:36:04.118Z] [functions] Runtime ready! Sending request! {"metadata":{"emulator":{"name":"functions"},"message":"[functions] Runtime ready! Sending request!"}}
[debug] [2024-01-24T17:36:04.118Z] [functions] Got req.url=/testingfirebase-3e0f7/us-central1/api/posts, mapping to path=/posts {"metadata":{"emulator":{"name":"functions"},"message":"[functions] Got req.url=/testingfirebase-3e0f7/us-central1/api/posts, mapping to path=/posts"}}
[debug] [2024-01-24T17:36:04.118Z] [worker-pool] submitRequest(triggerId=us-central1-api) {"metadata":{"emulator":{"name":"functions"},"message":"[worker-pool] submitRequest(triggerId=us-central1-api)"}}
[info] i  functions: Beginning execution of "us-central1-api" {"metadata":{"emulator":{"name":"functions"},"function":{"name":"us-central1-api"},"extension":{},"message":"Beginning execution of \"us-central1-api\""}}
[debug] [2024-01-24T17:36:04.119Z] [worker-us-central1-api-419d34f3-8040-44fb-8148-41aef8ff6a46]: BUSY {"metadata":{"emulator":{"name":"functions"},"function":{"name":"us-central1-api"},"extension":{},"message":"[worker-us-central1-api-419d34f3-8040-44fb-8148-41aef8ff6a46]: BUSY"}}
[debug] [2024-01-24T17:36:04.416Z] Finishing up request with event=pause {"metadata":{"emulator":{"name":"functions"},"function":{"name":"us-central1-api"},"extension":{},"message":"Finishing up request with event=pause"}}
[info] i  functions: Finished "us-central1-api" in 297.5931ms {"metadata":{"emulator":{"name":"functions"},"function":{"name":"us-central1-api"},"extension":{},"message":"Finished \"us-central1-api\" in 297.5931ms"}}
[debug] [2024-01-24T17:36:04.417Z] [worker-us-central1-api-419d34f3-8040-44fb-8148-41aef8ff6a46]: IDLE {"metadata":{"emulator":{"name":"functions"},"function":{"name":"us-central1-api"},"extension":{},"message":"[worker-us-central1-api-419d34f3-8040-44fb-8148-41aef8ff6a46]: IDLE"}}
[debug] [2024-01-24T17:36:04.417Z] Finishing up request with event=finish {"metadata":{"emulator":{"name":"functions"},"function":{"name":"us-central1-api"},"extension":{},"message":"Finishing up request with event=finish"}}
[debug] [2024-01-24T17:36:04.417Z] Finishing up request with event=close {"metadata":{"emulator":{"name":"functions"},"function":{"name":"us-central1-api"},"extension":{},"message":"Finishing up request with event=close"}}
[debug] [2024-01-24T17:36:04.418Z] [work-queue] {"queuedWork":[],"queueLength":0,"runningWork":[],"workRunningCount":0}
[debug] [2024-01-24T17:36:04.418Z] [work-queue] {"queuedWork":["/testingfirebase-3e0f7/us-central1/api/posts-2024-01-24T17:36:04.418Z"],"queueLength":1,"runningWork":[],"workRunningCount":0}
[debug] [2024-01-24T17:36:04.418Z] [work-queue] {"queuedWork":[],"queueLength":0,"runningWork":["/testingfirebase-3e0f7/us-central1/api/posts-2024-01-24T17:36:04.418Z"],"workRunningCount":1}
[debug] [2024-01-24T17:36:04.419Z] Accepted request GET /testingfirebase-3e0f7/us-central1/api/posts --> us-central1-api
[debug] [2024-01-24T17:36:04.420Z] [functions] Runtime ready! Sending request! {"metadata":{"emulator":{"name":"functions"},"message":"[functions] Runtime ready! Sending request!"}}
[debug] [2024-01-24T17:36:04.420Z] [functions] Got req.url=/testingfirebase-3e0f7/us-central1/api/posts, mapping to path=/posts {"metadata":{"emulator":{"name":"functions"},"message":"[functions] Got req.url=/testingfirebase-3e0f7/us-central1/api/posts, mapping to path=/posts"}}
[debug] [2024-01-24T17:36:04.420Z] [worker-pool] submitRequest(triggerId=us-central1-api) {"metadata":{"emulator":{"name":"functions"},"message":"[worker-pool] submitRequest(triggerId=us-central1-api)"}}
[info] i  functions: Beginning execution of "us-central1-api" {"metadata":{"emulator":{"name":"functions"},"function":{"name":"us-central1-api"},"extension":{},"message":"Beginning execution of \"us-central1-api\""}}
[debug] [2024-01-24T17:36:04.421Z] [worker-us-central1-api-419d34f3-8040-44fb-8148-41aef8ff6a46]: BUSY {"metadata":{"emulator":{"name":"functions"},"function":{"name":"us-central1-api"},"extension":{},"message":"[worker-us-central1-api-419d34f3-8040-44fb-8148-41aef8ff6a46]: BUSY"}}
[debug] [2024-01-24T17:36:05.448Z] Finishing up request with event=pause {"metadata":{"emulator":{"name":"functions"},"function":{"name":"us-central1-api"},"extension":{},"message":"Finishing up request with event=pause"}}
[info] i  functions: Finished "us-central1-api" in 1027.4159ms {"metadata":{"emulator":{"name":"functions"},"function":{"name":"us-central1-api"},"extension":{},"message":"Finished \"us-central1-api\" in 1027.4159ms"}}
[debug] [2024-01-24T17:36:05.449Z] [worker-us-central1-api-419d34f3-8040-44fb-8148-41aef8ff6a46]: IDLE {"metadata":{"emulator":{"name":"functions"},"function":{"name":"us-central1-api"},"extension":{},"message":"[worker-us-central1-api-419d34f3-8040-44fb-8148-41aef8ff6a46]: IDLE"}}
[debug] [2024-01-24T17:36:05.449Z] Finishing up request with event=finish {"metadata":{"emulator":{"name":"functions"},"function":{"name":"us-central1-api"},"extension":{},"message":"Finishing up request with event=finish"}}
[debug] [2024-01-24T17:36:05.449Z] Finishing up request with event=close {"metadata":{"emulator":{"name":"functions"},"function":{"name":"us-central1-api"},"extension":{},"message":"Finishing up request with event=close"}}
[debug] [2024-01-24T17:36:05.449Z] [work-queue] {"queuedWork":[],"queueLength":0,"runningWork":[],"workRunningCount":0}
