[debug] [2023-12-06T07:09:24.816Z] ----------------------------------------------------------------------
[debug] [2023-12-06T07:09:24.819Z] Command:       C:\Program Files\nodejs\node.exe C:\Users\Hj Man\AppData\Roaming\npm\node_modules\firebase-tools\lib\bin\firebase.js serve
[debug] [2023-12-06T07:09:24.819Z] CLI Version:   12.9.1
[debug] [2023-12-06T07:09:24.820Z] Platform:      win32
[debug] [2023-12-06T07:09:24.820Z] Node Version:  v20.9.0
[debug] [2023-12-06T07:09:24.820Z] Time:          Wed Dec 06 2023 15:09:24 GMT+0800 (Singapore Standard Time)
[debug] [2023-12-06T07:09:24.820Z] ----------------------------------------------------------------------
[debug] 
[debug] [2023-12-06T07:09:24.947Z] > command requires scopes: ["email","openid","https://www.googleapis.com/auth/cloudplatformprojects.readonly","https://www.googleapis.com/auth/firebase","https://www.googleapis.com/auth/cloud-platform"]
[debug] [2023-12-06T07:09:24.948Z] > authorizing via signed-in user (mimbarilham@gmail.com)
[debug] [2023-12-06T07:09:24.948Z] [iam] checking project testingfirebase-3e0f7 for permissions ["firebase.projects.get"]
[debug] [2023-12-06T07:09:24.950Z] >>> [apiv2][query] POST https://cloudresourcemanager.googleapis.com/v1/projects/testingfirebase-3e0f7:testIamPermissions [none]
[debug] [2023-12-06T07:09:24.950Z] >>> [apiv2][(partial)header] POST https://cloudresourcemanager.googleapis.com/v1/projects/testingfirebase-3e0f7:testIamPermissions x-goog-quota-user=projects/testingfirebase-3e0f7
[debug] [2023-12-06T07:09:24.950Z] >>> [apiv2][body] POST https://cloudresourcemanager.googleapis.com/v1/projects/testingfirebase-3e0f7:testIamPermissions {"permissions":["firebase.projects.get"]}
[debug] [2023-12-06T07:09:26.082Z] <<< [apiv2][status] POST https://cloudresourcemanager.googleapis.com/v1/projects/testingfirebase-3e0f7:testIamPermissions 200
[debug] [2023-12-06T07:09:26.082Z] <<< [apiv2][body] POST https://cloudresourcemanager.googleapis.com/v1/projects/testingfirebase-3e0f7:testIamPermissions {"permissions":["firebase.projects.get"]}
[debug] [2023-12-06T07:09:26.084Z] >>> [apiv2][query] GET https://firebase.googleapis.com/v1beta1/projects/testingfirebase-3e0f7 [none]
[debug] [2023-12-06T07:09:26.492Z] <<< [apiv2][status] GET https://firebase.googleapis.com/v1beta1/projects/testingfirebase-3e0f7 200
[debug] [2023-12-06T07:09:26.493Z] <<< [apiv2][body] GET https://firebase.googleapis.com/v1beta1/projects/testingfirebase-3e0f7 {"projectId":"testingfirebase-3e0f7","projectNumber":"1085692725313","displayName":"Rintik","name":"projects/testingfirebase-3e0f7","resources":{"hostingSite":"testingfirebase-3e0f7","realtimeDatabaseInstance":"testingfirebase-3e0f7-default-rtdb"},"state":"ACTIVE","etag":"1_cf458eab-6570-440d-896f-e886f1f1e7fc"}
[info] 
[info] === Serving from 'D:\cat304\RINTIK\backend'...
[info] 
[debug] [2023-12-06T07:09:26.510Z] defaultcredentials: writing to file C:\Users\Hj Man\AppData\Roaming\firebase\mimbarilham_gmail_com_application_default_credentials.json
[debug] [2023-12-06T07:09:26.516Z] Setting GAC to C:\Users\Hj Man\AppData\Roaming\firebase\mimbarilham_gmail_com_application_default_credentials.json {"metadata":{"emulator":{"name":"functions"},"message":"Setting GAC to C:\\Users\\Hj Man\\AppData\\Roaming\\firebase\\mimbarilham_gmail_com_application_default_credentials.json"}}
[debug] [2023-12-06T07:09:26.518Z] >>> [apiv2][query] GET https://firebase.googleapis.com/v1beta1/projects/testingfirebase-3e0f7/adminSdkConfig [none]
[debug] [2023-12-06T07:09:26.794Z] <<< [apiv2][status] GET https://firebase.googleapis.com/v1beta1/projects/testingfirebase-3e0f7/adminSdkConfig 200
[debug] [2023-12-06T07:09:26.794Z] <<< [apiv2][body] GET https://firebase.googleapis.com/v1beta1/projects/testingfirebase-3e0f7/adminSdkConfig {"projectId":"testingfirebase-3e0f7","databaseURL":"https://testingfirebase-3e0f7-default-rtdb.firebaseio.com","storageBucket":"testingfirebase-3e0f7.appspot.com"}
[info] i  functions: Watching "D:\cat304\RINTIK\backend\functions" for Cloud Functions... {"metadata":{"emulator":{"name":"functions"},"message":"Watching \"D:\\cat304\\RINTIK\\backend\\functions\" for Cloud Functions..."}}
[debug] [2023-12-06T07:09:26.888Z] Validating nodejs source
[debug] [2023-12-06T07:09:28.561Z] > [functions] package.json contents: {
  "name": "functions",
  "description": "Cloud Functions for Firebase",
  "scripts": {
    "serve": "firebase emulators:start --only functions",
    "shell": "firebase functions:shell",
    "start": "npm run shell",
    "deploy": "firebase deploy --only functions",
    "logs": "firebase functions:log",
    "build": "webpack"
  },
  "engines": {
    "node": "18"
  },
  "main": "index.js",
  "dependencies": {
    "busboy": "^1.6.0",
    "express": "^4.18.2",
    "firebase": "^10.7.0",
    "firebase-admin": "^11.8.0",
    "firebase-functions": "^4.3.1"
  },
  "devDependencies": {
    "firebase-functions-test": "^3.1.0"
  },
  "private": true
}
[debug] [2023-12-06T07:09:28.561Z] Building nodejs source
[debug] [2023-12-06T07:09:28.561Z] Failed to find version of module node: reached end of search path D:\cat304\RINTIK\backend\functions\node_modules
[warn] !  functions: Your requested "node" version "18" doesn't match your global version "20". Using node@20 from host. 
[debug] [2023-12-06T07:09:28.565Z] Could not find functions.yaml. Must use http discovery
[debug] [2023-12-06T07:09:28.588Z] Found firebase-functions binary at 'D:\cat304\RINTIK\backend\functions\node_modules\.bin\firebase-functions'
[info] Serving at port 8069

[debug] [2023-12-06T07:09:29.376Z] Got response from /__/functions.yaml {"endpoints":{"api":{"availableMemoryMb":null,"timeoutSeconds":null,"minInstances":null,"maxInstances":null,"ingressSettings":null,"concurrency":null,"serviceAccountEmail":null,"vpc":null,"platform":"gcfv2","labels":{},"httpsTrigger":{},"entryPoint":"api"}},"specVersion":"v1alpha1","requiredAPIs":[]}
[info] +  functions: Loaded functions definitions from source: api. {"metadata":{"emulator":{"name":"functions"},"message":"Loaded functions definitions from source: api."}}
[info] +  functions[us-central1-api]: http function initialized (http://localhost:5000/testingfirebase-3e0f7/us-central1/api). {"metadata":{"emulator":{"name":"functions"},"message":"\u001b[1mhttp\u001b[22m function initialized (http://localhost:5000/testingfirebase-3e0f7/us-central1/api)."}}
[debug] [2023-12-06T07:10:44.728Z] [work-queue] {"queuedWork":["/testingfirebase-3e0f7/us-central1/api/login-2023-12-06T07:10:44.728Z"],"queueLength":1,"runningWork":[],"workRunningCount":0}
[debug] [2023-12-06T07:10:44.729Z] [work-queue] {"queuedWork":[],"queueLength":0,"runningWork":["/testingfirebase-3e0f7/us-central1/api/login-2023-12-06T07:10:44.728Z"],"workRunningCount":1}
[debug] [2023-12-06T07:10:44.730Z] Accepted request POST /testingfirebase-3e0f7/us-central1/api/login --> us-central1-api
[debug] [2023-12-06T07:10:44.739Z] [functions] Runtime ready! Sending request! {"metadata":{"emulator":{"name":"functions"},"message":"[functions] Runtime ready! Sending request!"}}
[debug] [2023-12-06T07:10:44.739Z] [functions] Got req.url=/testingfirebase-3e0f7/us-central1/api/login, mapping to path=/login {"metadata":{"emulator":{"name":"functions"},"message":"[functions] Got req.url=/testingfirebase-3e0f7/us-central1/api/login, mapping to path=/login"}}
[debug] [2023-12-06T07:10:44.756Z] [worker-pool] addWorker(us-central1-api) {"metadata":{"emulator":{"name":"functions"},"message":"[worker-pool] addWorker(us-central1-api)"}}
[debug] [2023-12-06T07:10:44.757Z] [worker-pool] Adding worker with key us-central1-api, total=1 {"metadata":{"emulator":{"name":"functions"},"message":"[worker-pool] Adding worker with key us-central1-api, total=1"}}
[debug] [2023-12-06T07:10:47.159Z] [runtime-status] [4612] Resolved module firebase-admin {"declared":true,"installed":true,"version":"11.11.0","resolution":"D:\\cat304\\RINTIK\\backend\\functions\\node_modules\\firebase-admin\\lib\\index.js"} {"metadata":{"emulator":{"name":"functions"},"function":{"name":"us-central1-api"},"extension":{},"message":"[runtime-status] [4612] Resolved module firebase-admin {\"declared\":true,\"installed\":true,\"version\":\"11.11.0\",\"resolution\":\"D:\\\\cat304\\\\RINTIK\\\\backend\\\\functions\\\\node_modules\\\\firebase-admin\\\\lib\\\\index.js\"}"}}
[debug] [2023-12-06T07:10:47.160Z] [runtime-status] [4612] Resolved module firebase-functions {"declared":true,"installed":true,"version":"4.5.0","resolution":"D:\\cat304\\RINTIK\\backend\\functions\\node_modules\\firebase-functions\\lib\\v1\\index.js"} {"metadata":{"emulator":{"name":"functions"},"function":{"name":"us-central1-api"},"extension":{},"message":"[runtime-status] [4612] Resolved module firebase-functions {\"declared\":true,\"installed\":true,\"version\":\"4.5.0\",\"resolution\":\"D:\\\\cat304\\\\RINTIK\\\\backend\\\\functions\\\\node_modules\\\\firebase-functions\\\\lib\\\\v1\\\\index.js\"}"}}
[debug] [2023-12-06T07:10:47.161Z] [runtime-status] [4612] Outgoing network have been stubbed. [{"name":"http","status":"mocked"},{"name":"http","status":"mocked"},{"name":"https","status":"mocked"},{"name":"https","status":"mocked"},{"name":"net","status":"mocked"}] {"metadata":{"emulator":{"name":"functions"},"function":{"name":"us-central1-api"},"extension":{},"message":"[runtime-status] [4612] Outgoing network have been stubbed. [{\"name\":\"http\",\"status\":\"mocked\"},{\"name\":\"http\",\"status\":\"mocked\"},{\"name\":\"https\",\"status\":\"mocked\"},{\"name\":\"https\",\"status\":\"mocked\"},{\"name\":\"net\",\"status\":\"mocked\"}]"}}
[debug] [2023-12-06T07:10:47.162Z] [runtime-status] [4612] Resolved module firebase-functions {"declared":true,"installed":true,"version":"4.5.0","resolution":"D:\\cat304\\RINTIK\\backend\\functions\\node_modules\\firebase-functions\\lib\\v1\\index.js"} {"metadata":{"emulator":{"name":"functions"},"function":{"name":"us-central1-api"},"extension":{},"message":"[runtime-status] [4612] Resolved module firebase-functions {\"declared\":true,\"installed\":true,\"version\":\"4.5.0\",\"resolution\":\"D:\\\\cat304\\\\RINTIK\\\\backend\\\\functions\\\\node_modules\\\\firebase-functions\\\\lib\\\\v1\\\\index.js\"}"}}
[debug] [2023-12-06T07:10:47.568Z] [runtime-status] [4612] Checked functions.config() {"config":{}} {"metadata":{"emulator":{"name":"functions"},"function":{"name":"us-central1-api"},"extension":{},"message":"[runtime-status] [4612] Checked functions.config() {\"config\":{}}"}}
[debug] [2023-12-06T07:10:47.569Z] [runtime-status] [4612] firebase-functions has been stubbed. {"functionsResolution":{"declared":true,"installed":true,"version":"4.5.0","resolution":"D:\\cat304\\RINTIK\\backend\\functions\\node_modules\\firebase-functions\\lib\\v1\\index.js"}} {"metadata":{"emulator":{"name":"functions"},"function":{"name":"us-central1-api"},"extension":{},"message":"[runtime-status] [4612] firebase-functions has been stubbed. {\"functionsResolution\":{\"declared\":true,\"installed\":true,\"version\":\"4.5.0\",\"resolution\":\"D:\\\\cat304\\\\RINTIK\\\\backend\\\\functions\\\\node_modules\\\\firebase-functions\\\\lib\\\\v1\\\\index.js\"}}"}}
[debug] [2023-12-06T07:10:47.569Z] [runtime-status] [4612] Resolved module firebase-functions {"declared":true,"installed":true,"version":"4.5.0","resolution":"D:\\cat304\\RINTIK\\backend\\functions\\node_modules\\firebase-functions\\lib\\v1\\index.js"} {"metadata":{"emulator":{"name":"functions"},"function":{"name":"us-central1-api"},"extension":{},"message":"[runtime-status] [4612] Resolved module firebase-functions {\"declared\":true,\"installed\":true,\"version\":\"4.5.0\",\"resolution\":\"D:\\\\cat304\\\\RINTIK\\\\backend\\\\functions\\\\node_modules\\\\firebase-functions\\\\lib\\\\v1\\\\index.js\"}"}}
[debug] [2023-12-06T07:10:47.571Z] [runtime-status] [4612] Resolved module firebase-admin {"declared":true,"installed":true,"version":"11.11.0","resolution":"D:\\cat304\\RINTIK\\backend\\functions\\node_modules\\firebase-admin\\lib\\index.js"} {"metadata":{"emulator":{"name":"functions"},"function":{"name":"us-central1-api"},"extension":{},"message":"[runtime-status] [4612] Resolved module firebase-admin {\"declared\":true,\"installed\":true,\"version\":\"11.11.0\",\"resolution\":\"D:\\\\cat304\\\\RINTIK\\\\backend\\\\functions\\\\node_modules\\\\firebase-admin\\\\lib\\\\index.js\"}"}}
[debug] [2023-12-06T07:10:47.574Z] [runtime-status] [4612] Resolved module firebase-functions {"declared":true,"installed":true,"version":"4.5.0","resolution":"D:\\cat304\\RINTIK\\backend\\functions\\node_modules\\firebase-functions\\lib\\v1\\index.js"} {"metadata":{"emulator":{"name":"functions"},"function":{"name":"us-central1-api"},"extension":{},"message":"[runtime-status] [4612] Resolved module firebase-functions {\"declared\":true,\"installed\":true,\"version\":\"4.5.0\",\"resolution\":\"D:\\\\cat304\\\\RINTIK\\\\backend\\\\functions\\\\node_modules\\\\firebase-functions\\\\lib\\\\v1\\\\index.js\"}"}}
[debug] [2023-12-06T07:10:47.575Z] [runtime-status] [4612] firebase-admin has been stubbed. {"adminResolution":{"declared":true,"installed":true,"version":"11.11.0","resolution":"D:\\cat304\\RINTIK\\backend\\functions\\node_modules\\firebase-admin\\lib\\index.js"}} {"metadata":{"emulator":{"name":"functions"},"function":{"name":"us-central1-api"},"extension":{},"message":"[runtime-status] [4612] firebase-admin has been stubbed. {\"adminResolution\":{\"declared\":true,\"installed\":true,\"version\":\"11.11.0\",\"resolution\":\"D:\\\\cat304\\\\RINTIK\\\\backend\\\\functions\\\\node_modules\\\\firebase-admin\\\\lib\\\\index.js\"}}"}}
[debug] [2023-12-06T07:10:47.786Z] [runtime-status] [4612] initializeApp(DEFAULT) {"storageBucket":"testingfirebase-3e0f7.appspot.com","databaseURL":"https://testingfirebase-3e0f7-default-rtdb.firebaseio.com","projectId":"testingfirebase-3e0f7"} {"metadata":{"emulator":{"name":"functions"},"function":{"name":"us-central1-api"},"extension":{},"message":"[runtime-status] [4612] initializeApp(DEFAULT) {\"storageBucket\":\"testingfirebase-3e0f7.appspot.com\",\"databaseURL\":\"https://testingfirebase-3e0f7-default-rtdb.firebaseio.com\",\"projectId\":\"testingfirebase-3e0f7\"}"}}
[debug] [2023-12-06T07:10:47.962Z] [runtime-status] [4612] Functions runtime initialized. {"cwd":"D:\\cat304\\RINTIK\\backend\\functions","node_version":"20.9.0"} {"metadata":{"emulator":{"name":"functions"},"function":{"name":"us-central1-api"},"extension":{},"message":"[runtime-status] [4612] Functions runtime initialized. {\"cwd\":\"D:\\\\cat304\\\\RINTIK\\\\backend\\\\functions\",\"node_version\":\"20.9.0\"}"}}
[debug] [2023-12-06T07:10:47.963Z] [runtime-status] [4612] Listening to port: \\?\pipe\fire_emu_745a53d5f2be3f05 {"metadata":{"emulator":{"name":"functions"},"function":{"name":"us-central1-api"},"extension":{},"message":"[runtime-status] [4612] Listening to port: \\\\?\\pipe\\fire_emu_745a53d5f2be3f05"}}
[debug] [2023-12-06T07:10:48.003Z] [worker-us-central1-api-0dded8ee-d05c-4310-8c0e-ef8b0968c787]: IDLE {"metadata":{"emulator":{"name":"functions"},"function":{"name":"us-central1-api"},"extension":{},"message":"[worker-us-central1-api-0dded8ee-d05c-4310-8c0e-ef8b0968c787]: IDLE"}}
[debug] [2023-12-06T07:10:48.004Z] [worker-pool] submitRequest(triggerId=us-central1-api) {"metadata":{"emulator":{"name":"functions"},"message":"[worker-pool] submitRequest(triggerId=us-central1-api)"}}
[info] i  functions: Beginning execution of "us-central1-api" {"metadata":{"emulator":{"name":"functions"},"function":{"name":"us-central1-api"},"extension":{},"message":"Beginning execution of \"us-central1-api\""}}
[debug] [2023-12-06T07:10:48.006Z] [worker-us-central1-api-0dded8ee-d05c-4310-8c0e-ef8b0968c787]: BUSY {"metadata":{"emulator":{"name":"functions"},"function":{"name":"us-central1-api"},"extension":{},"message":"[worker-us-central1-api-0dded8ee-d05c-4310-8c0e-ef8b0968c787]: BUSY"}}
[info] >  FirebaseError: Firebase: The supplied auth credential is incorrect, malformed or has expired. (auth/invalid-credential). {"user":"FirebaseError: Firebase: The supplied auth credential is incorrect, malformed or has expired. (auth/invalid-credential).","metadata":{"emulator":{"name":"functions"},"function":{"name":"us-central1-api"},"extension":{},"message":"\u001b[90m> \u001b[39m FirebaseError: Firebase: The supplied auth credential is incorrect, malformed or has expired. (auth/invalid-credential)."}}
[info] >      at createErrorInternal (D:\cat304\RINTIK\backend\functions\node_modules\@firebase\auth\dist\node\totp-58078139.js:517:55) {"user":"    at createErrorInternal (D:\\cat304\\RINTIK\\backend\\functions\\node_modules\\@firebase\\auth\\dist\\node\\totp-58078139.js:517:55)","metadata":{"emulator":{"name":"functions"},"function":{"name":"us-central1-api"},"extension":{},"message":"\u001b[90m> \u001b[39m     at createErrorInternal (D:\\cat304\\RINTIK\\backend\\functions\\node_modules\\@firebase\\auth\\dist\\node\\totp-58078139.js:517:55)"}}
[info] >      at _fail (D:\cat304\RINTIK\backend\functions\node_modules\@firebase\auth\dist\node\totp-58078139.js:488:31) {"user":"    at _fail (D:\\cat304\\RINTIK\\backend\\functions\\node_modules\\@firebase\\auth\\dist\\node\\totp-58078139.js:488:31)","metadata":{"emulator":{"name":"functions"},"function":{"name":"us-central1-api"},"extension":{},"message":"\u001b[90m> \u001b[39m     at _fail (D:\\cat304\\RINTIK\\backend\\functions\\node_modules\\@firebase\\auth\\dist\\node\\totp-58078139.js:488:31)"}}
[info] >      at D:\cat304\RINTIK\backend\functions\node_modules\@firebase\auth\dist\node\totp-58078139.js:986:29 {"user":"    at D:\\cat304\\RINTIK\\backend\\functions\\node_modules\\@firebase\\auth\\dist\\node\\totp-58078139.js:986:29","metadata":{"emulator":{"name":"functions"},"function":{"name":"us-central1-api"},"extension":{},"message":"\u001b[90m> \u001b[39m     at D:\\cat304\\RINTIK\\backend\\functions\\node_modules\\@firebase\\auth\\dist\\node\\totp-58078139.js:986:29"}}
[info] >      at step (D:\cat304\RINTIK\backend\functions\node_modules\tslib\tslib.js:195:27) {"user":"    at step (D:\\cat304\\RINTIK\\backend\\functions\\node_modules\\tslib\\tslib.js:195:27)","metadata":{"emulator":{"name":"functions"},"function":{"name":"us-central1-api"},"extension":{},"message":"\u001b[90m> \u001b[39m     at step (D:\\cat304\\RINTIK\\backend\\functions\\node_modules\\tslib\\tslib.js:195:27)"}}
[info] >      at Object.next (D:\cat304\RINTIK\backend\functions\node_modules\tslib\tslib.js:176:57) {"user":"    at Object.next (D:\\cat304\\RINTIK\\backend\\functions\\node_modules\\tslib\\tslib.js:176:57)","metadata":{"emulator":{"name":"functions"},"function":{"name":"us-central1-api"},"extension":{},"message":"\u001b[90m> \u001b[39m     at Object.next (D:\\cat304\\RINTIK\\backend\\functions\\node_modules\\tslib\\tslib.js:176:57)"}}
[info] >      at fulfilled (D:\cat304\RINTIK\backend\functions\node_modules\tslib\tslib.js:166:62) {"user":"    at fulfilled (D:\\cat304\\RINTIK\\backend\\functions\\node_modules\\tslib\\tslib.js:166:62)","metadata":{"emulator":{"name":"functions"},"function":{"name":"us-central1-api"},"extension":{},"message":"\u001b[90m> \u001b[39m     at fulfilled (D:\\cat304\\RINTIK\\backend\\functions\\node_modules\\tslib\\tslib.js:166:62)"}}
[info] >      at process.processTicksAndRejections (node:internal/process/task_queues:95:5) { {"user":"    at process.processTicksAndRejections (node:internal/process/task_queues:95:5) {","metadata":{"emulator":{"name":"functions"},"function":{"name":"us-central1-api"},"extension":{},"message":"\u001b[90m> \u001b[39m     at process.processTicksAndRejections (node:internal/process/task_queues:95:5) {"}}
[info] >    code: 'auth/invalid-credential', {"user":"  code: 'auth/invalid-credential',","metadata":{"emulator":{"name":"functions"},"function":{"name":"us-central1-api"},"extension":{},"message":"\u001b[90m> \u001b[39m   code: 'auth/invalid-credential',"}}
[info] >    customData: {} {"user":"  customData: {}","metadata":{"emulator":{"name":"functions"},"function":{"name":"us-central1-api"},"extension":{},"message":"\u001b[90m> \u001b[39m   customData: {}"}}
[info] >  } {"user":"}","metadata":{"emulator":{"name":"functions"},"function":{"name":"us-central1-api"},"extension":{},"message":"\u001b[90m> \u001b[39m }"}}
[debug] [2023-12-06T07:10:48.574Z] Finishing up request with event=pause {"metadata":{"emulator":{"name":"functions"},"function":{"name":"us-central1-api"},"extension":{},"message":"Finishing up request with event=pause"}}
[info] i  functions: Finished "us-central1-api" in 569.104ms {"metadata":{"emulator":{"name":"functions"},"function":{"name":"us-central1-api"},"extension":{},"message":"Finished \"us-central1-api\" in 569.104ms"}}
[debug] [2023-12-06T07:10:48.575Z] [worker-us-central1-api-0dded8ee-d05c-4310-8c0e-ef8b0968c787]: IDLE {"metadata":{"emulator":{"name":"functions"},"function":{"name":"us-central1-api"},"extension":{},"message":"[worker-us-central1-api-0dded8ee-d05c-4310-8c0e-ef8b0968c787]: IDLE"}}
[debug] [2023-12-06T07:10:48.576Z] Finishing up request with event=finish {"metadata":{"emulator":{"name":"functions"},"function":{"name":"us-central1-api"},"extension":{},"message":"Finishing up request with event=finish"}}
[debug] [2023-12-06T07:10:48.577Z] Finishing up request with event=close {"metadata":{"emulator":{"name":"functions"},"function":{"name":"us-central1-api"},"extension":{},"message":"Finishing up request with event=close"}}
[debug] [2023-12-06T07:10:48.577Z] [work-queue] {"queuedWork":[],"queueLength":0,"runningWork":[],"workRunningCount":0}
[debug] [2023-12-06T07:11:46.454Z] [work-queue] {"queuedWork":["/testingfirebase-3e0f7/us-central1/api/login-2023-12-06T07:11:46.454Z"],"queueLength":1,"runningWork":[],"workRunningCount":0}
[debug] [2023-12-06T07:11:46.455Z] [work-queue] {"queuedWork":[],"queueLength":0,"runningWork":["/testingfirebase-3e0f7/us-central1/api/login-2023-12-06T07:11:46.454Z"],"workRunningCount":1}
[debug] [2023-12-06T07:11:46.455Z] Accepted request POST /testingfirebase-3e0f7/us-central1/api/login --> us-central1-api
[debug] [2023-12-06T07:11:46.459Z] [functions] Runtime ready! Sending request! {"metadata":{"emulator":{"name":"functions"},"message":"[functions] Runtime ready! Sending request!"}}
[debug] [2023-12-06T07:11:46.459Z] [functions] Got req.url=/testingfirebase-3e0f7/us-central1/api/login, mapping to path=/login {"metadata":{"emulator":{"name":"functions"},"message":"[functions] Got req.url=/testingfirebase-3e0f7/us-central1/api/login, mapping to path=/login"}}
[debug] [2023-12-06T07:11:46.459Z] [worker-pool] submitRequest(triggerId=us-central1-api) {"metadata":{"emulator":{"name":"functions"},"message":"[worker-pool] submitRequest(triggerId=us-central1-api)"}}
[info] i  functions: Beginning execution of "us-central1-api" {"metadata":{"emulator":{"name":"functions"},"function":{"name":"us-central1-api"},"extension":{},"message":"Beginning execution of \"us-central1-api\""}}
[debug] [2023-12-06T07:11:46.460Z] [worker-us-central1-api-0dded8ee-d05c-4310-8c0e-ef8b0968c787]: BUSY {"metadata":{"emulator":{"name":"functions"},"function":{"name":"us-central1-api"},"extension":{},"message":"[worker-us-central1-api-0dded8ee-d05c-4310-8c0e-ef8b0968c787]: BUSY"}}
[info] >  FirebaseError: Firebase: The supplied auth credential is incorrect, malformed or has expired. (auth/invalid-credential). {"user":"FirebaseError: Firebase: The supplied auth credential is incorrect, malformed or has expired. (auth/invalid-credential).","metadata":{"emulator":{"name":"functions"},"function":{"name":"us-central1-api"},"extension":{},"message":"\u001b[90m> \u001b[39m FirebaseError: Firebase: The supplied auth credential is incorrect, malformed or has expired. (auth/invalid-credential)."}}
[info] >      at createErrorInternal (D:\cat304\RINTIK\backend\functions\node_modules\@firebase\auth\dist\node\totp-58078139.js:517:55) {"user":"    at createErrorInternal (D:\\cat304\\RINTIK\\backend\\functions\\node_modules\\@firebase\\auth\\dist\\node\\totp-58078139.js:517:55)","metadata":{"emulator":{"name":"functions"},"function":{"name":"us-central1-api"},"extension":{},"message":"\u001b[90m> \u001b[39m     at createErrorInternal (D:\\cat304\\RINTIK\\backend\\functions\\node_modules\\@firebase\\auth\\dist\\node\\totp-58078139.js:517:55)"}}
[info] >      at _fail (D:\cat304\RINTIK\backend\functions\node_modules\@firebase\auth\dist\node\totp-58078139.js:488:31) {"user":"    at _fail (D:\\cat304\\RINTIK\\backend\\functions\\node_modules\\@firebase\\auth\\dist\\node\\totp-58078139.js:488:31)","metadata":{"emulator":{"name":"functions"},"function":{"name":"us-central1-api"},"extension":{},"message":"\u001b[90m> \u001b[39m     at _fail (D:\\cat304\\RINTIK\\backend\\functions\\node_modules\\@firebase\\auth\\dist\\node\\totp-58078139.js:488:31)"}}
[info] >      at D:\cat304\RINTIK\backend\functions\node_modules\@firebase\auth\dist\node\totp-58078139.js:986:29 {"user":"    at D:\\cat304\\RINTIK\\backend\\functions\\node_modules\\@firebase\\auth\\dist\\node\\totp-58078139.js:986:29","metadata":{"emulator":{"name":"functions"},"function":{"name":"us-central1-api"},"extension":{},"message":"\u001b[90m> \u001b[39m     at D:\\cat304\\RINTIK\\backend\\functions\\node_modules\\@firebase\\auth\\dist\\node\\totp-58078139.js:986:29"}}
[info] >      at step (D:\cat304\RINTIK\backend\functions\node_modules\tslib\tslib.js:195:27) {"user":"    at step (D:\\cat304\\RINTIK\\backend\\functions\\node_modules\\tslib\\tslib.js:195:27)","metadata":{"emulator":{"name":"functions"},"function":{"name":"us-central1-api"},"extension":{},"message":"\u001b[90m> \u001b[39m     at step (D:\\cat304\\RINTIK\\backend\\functions\\node_modules\\tslib\\tslib.js:195:27)"}}
[info] >      at Object.next (D:\cat304\RINTIK\backend\functions\node_modules\tslib\tslib.js:176:57) {"user":"    at Object.next (D:\\cat304\\RINTIK\\backend\\functions\\node_modules\\tslib\\tslib.js:176:57)","metadata":{"emulator":{"name":"functions"},"function":{"name":"us-central1-api"},"extension":{},"message":"\u001b[90m> \u001b[39m     at Object.next (D:\\cat304\\RINTIK\\backend\\functions\\node_modules\\tslib\\tslib.js:176:57)"}}
[info] >      at fulfilled (D:\cat304\RINTIK\backend\functions\node_modules\tslib\tslib.js:166:62) {"user":"    at fulfilled (D:\\cat304\\RINTIK\\backend\\functions\\node_modules\\tslib\\tslib.js:166:62)","metadata":{"emulator":{"name":"functions"},"function":{"name":"us-central1-api"},"extension":{},"message":"\u001b[90m> \u001b[39m     at fulfilled (D:\\cat304\\RINTIK\\backend\\functions\\node_modules\\tslib\\tslib.js:166:62)"}}
[info] >      at process.processTicksAndRejections (node:internal/process/task_queues:95:5) { {"user":"    at process.processTicksAndRejections (node:internal/process/task_queues:95:5) {","metadata":{"emulator":{"name":"functions"},"function":{"name":"us-central1-api"},"extension":{},"message":"\u001b[90m> \u001b[39m     at process.processTicksAndRejections (node:internal/process/task_queues:95:5) {"}}
[info] >    code: 'auth/invalid-credential', {"user":"  code: 'auth/invalid-credential',","metadata":{"emulator":{"name":"functions"},"function":{"name":"us-central1-api"},"extension":{},"message":"\u001b[90m> \u001b[39m   code: 'auth/invalid-credential',"}}
[info] >    customData: {} {"user":"  customData: {}","metadata":{"emulator":{"name":"functions"},"function":{"name":"us-central1-api"},"extension":{},"message":"\u001b[90m> \u001b[39m   customData: {}"}}
[info] >  } {"user":"}","metadata":{"emulator":{"name":"functions"},"function":{"name":"us-central1-api"},"extension":{},"message":"\u001b[90m> \u001b[39m }"}}
[debug] [2023-12-06T07:11:46.805Z] Finishing up request with event=pause {"metadata":{"emulator":{"name":"functions"},"function":{"name":"us-central1-api"},"extension":{},"message":"Finishing up request with event=pause"}}
[info] i  functions: Finished "us-central1-api" in 345.3187ms {"metadata":{"emulator":{"name":"functions"},"function":{"name":"us-central1-api"},"extension":{},"message":"Finished \"us-central1-api\" in 345.3187ms"}}
[debug] [2023-12-06T07:11:46.806Z] [worker-us-central1-api-0dded8ee-d05c-4310-8c0e-ef8b0968c787]: IDLE {"metadata":{"emulator":{"name":"functions"},"function":{"name":"us-central1-api"},"extension":{},"message":"[worker-us-central1-api-0dded8ee-d05c-4310-8c0e-ef8b0968c787]: IDLE"}}
[debug] [2023-12-06T07:11:46.807Z] Finishing up request with event=finish {"metadata":{"emulator":{"name":"functions"},"function":{"name":"us-central1-api"},"extension":{},"message":"Finishing up request with event=finish"}}
[debug] [2023-12-06T07:11:46.807Z] Finishing up request with event=close {"metadata":{"emulator":{"name":"functions"},"function":{"name":"us-central1-api"},"extension":{},"message":"Finishing up request with event=close"}}
[debug] [2023-12-06T07:11:46.807Z] [work-queue] {"queuedWork":[],"queueLength":0,"runningWork":[],"workRunningCount":0}
[debug] [2023-12-06T07:13:04.154Z] [work-queue] {"queuedWork":["/testingfirebase-3e0f7/us-central1/api/login-2023-12-06T07:13:04.154Z"],"queueLength":1,"runningWork":[],"workRunningCount":0}
[debug] [2023-12-06T07:13:04.154Z] [work-queue] {"queuedWork":[],"queueLength":0,"runningWork":["/testingfirebase-3e0f7/us-central1/api/login-2023-12-06T07:13:04.154Z"],"workRunningCount":1}
[debug] [2023-12-06T07:13:04.155Z] Accepted request POST /testingfirebase-3e0f7/us-central1/api/login --> us-central1-api
[debug] [2023-12-06T07:13:04.161Z] [functions] Runtime ready! Sending request! {"metadata":{"emulator":{"name":"functions"},"message":"[functions] Runtime ready! Sending request!"}}
[debug] [2023-12-06T07:13:04.161Z] [functions] Got req.url=/testingfirebase-3e0f7/us-central1/api/login, mapping to path=/login {"metadata":{"emulator":{"name":"functions"},"message":"[functions] Got req.url=/testingfirebase-3e0f7/us-central1/api/login, mapping to path=/login"}}
[debug] [2023-12-06T07:13:04.161Z] [worker-pool] submitRequest(triggerId=us-central1-api) {"metadata":{"emulator":{"name":"functions"},"message":"[worker-pool] submitRequest(triggerId=us-central1-api)"}}
[info] i  functions: Beginning execution of "us-central1-api" {"metadata":{"emulator":{"name":"functions"},"function":{"name":"us-central1-api"},"extension":{},"message":"Beginning execution of \"us-central1-api\""}}
[debug] [2023-12-06T07:13:04.162Z] [worker-us-central1-api-0dded8ee-d05c-4310-8c0e-ef8b0968c787]: BUSY {"metadata":{"emulator":{"name":"functions"},"function":{"name":"us-central1-api"},"extension":{},"message":"[worker-us-central1-api-0dded8ee-d05c-4310-8c0e-ef8b0968c787]: BUSY"}}
[debug] [2023-12-06T07:13:04.935Z] Finishing up request with event=pause {"metadata":{"emulator":{"name":"functions"},"function":{"name":"us-central1-api"},"extension":{},"message":"Finishing up request with event=pause"}}
[info] i  functions: Finished "us-central1-api" in 774.171ms {"metadata":{"emulator":{"name":"functions"},"function":{"name":"us-central1-api"},"extension":{},"message":"Finished \"us-central1-api\" in 774.171ms"}}
[debug] [2023-12-06T07:13:04.938Z] [worker-us-central1-api-0dded8ee-d05c-4310-8c0e-ef8b0968c787]: IDLE {"metadata":{"emulator":{"name":"functions"},"function":{"name":"us-central1-api"},"extension":{},"message":"[worker-us-central1-api-0dded8ee-d05c-4310-8c0e-ef8b0968c787]: IDLE"}}
[debug] [2023-12-06T07:13:04.938Z] Finishing up request with event=finish {"metadata":{"emulator":{"name":"functions"},"function":{"name":"us-central1-api"},"extension":{},"message":"Finishing up request with event=finish"}}
[debug] [2023-12-06T07:13:04.939Z] Finishing up request with event=close {"metadata":{"emulator":{"name":"functions"},"function":{"name":"us-central1-api"},"extension":{},"message":"Finishing up request with event=close"}}
[debug] [2023-12-06T07:13:04.941Z] [work-queue] {"queuedWork":[],"queueLength":0,"runningWork":[],"workRunningCount":0}
[debug] [2023-12-06T07:16:41.804Z] [work-queue] {"queuedWork":["/testingfirebase-3e0f7/us-central1/api/post-2023-12-06T07:16:41.803Z"],"queueLength":1,"runningWork":[],"workRunningCount":0}
[debug] [2023-12-06T07:16:41.804Z] [work-queue] {"queuedWork":[],"queueLength":0,"runningWork":["/testingfirebase-3e0f7/us-central1/api/post-2023-12-06T07:16:41.803Z"],"workRunningCount":1}
[debug] [2023-12-06T07:16:41.804Z] Accepted request POST /testingfirebase-3e0f7/us-central1/api/post --> us-central1-api
[debug] [2023-12-06T07:16:41.807Z] [functions] Runtime ready! Sending request! {"metadata":{"emulator":{"name":"functions"},"message":"[functions] Runtime ready! Sending request!"}}
[debug] [2023-12-06T07:16:41.807Z] [functions] Got req.url=/testingfirebase-3e0f7/us-central1/api/post, mapping to path=/post {"metadata":{"emulator":{"name":"functions"},"message":"[functions] Got req.url=/testingfirebase-3e0f7/us-central1/api/post, mapping to path=/post"}}
[debug] [2023-12-06T07:16:41.807Z] [worker-pool] submitRequest(triggerId=us-central1-api) {"metadata":{"emulator":{"name":"functions"},"message":"[worker-pool] submitRequest(triggerId=us-central1-api)"}}
[info] i  functions: Beginning execution of "us-central1-api" {"metadata":{"emulator":{"name":"functions"},"function":{"name":"us-central1-api"},"extension":{},"message":"Beginning execution of \"us-central1-api\""}}
[debug] [2023-12-06T07:16:41.810Z] [worker-us-central1-api-0dded8ee-d05c-4310-8c0e-ef8b0968c787]: BUSY {"metadata":{"emulator":{"name":"functions"},"function":{"name":"us-central1-api"},"extension":{},"message":"[worker-us-central1-api-0dded8ee-d05c-4310-8c0e-ef8b0968c787]: BUSY"}}
[info] >  no token found {"user":"no token found","metadata":{"emulator":{"name":"functions"},"function":{"name":"us-central1-api"},"extension":{},"message":"\u001b[90m> \u001b[39m no token found"}}
[debug] [2023-12-06T07:16:41.817Z] Finishing up request with event=pause {"metadata":{"emulator":{"name":"functions"},"function":{"name":"us-central1-api"},"extension":{},"message":"Finishing up request with event=pause"}}
[info] i  functions: Finished "us-central1-api" in 6.75ms {"metadata":{"emulator":{"name":"functions"},"function":{"name":"us-central1-api"},"extension":{},"message":"Finished \"us-central1-api\" in 6.75ms"}}
[debug] [2023-12-06T07:16:41.818Z] [worker-us-central1-api-0dded8ee-d05c-4310-8c0e-ef8b0968c787]: IDLE {"metadata":{"emulator":{"name":"functions"},"function":{"name":"us-central1-api"},"extension":{},"message":"[worker-us-central1-api-0dded8ee-d05c-4310-8c0e-ef8b0968c787]: IDLE"}}
[debug] [2023-12-06T07:16:41.818Z] Finishing up request with event=finish {"metadata":{"emulator":{"name":"functions"},"function":{"name":"us-central1-api"},"extension":{},"message":"Finishing up request with event=finish"}}
[debug] [2023-12-06T07:16:41.818Z] Finishing up request with event=close {"metadata":{"emulator":{"name":"functions"},"function":{"name":"us-central1-api"},"extension":{},"message":"Finishing up request with event=close"}}
[debug] [2023-12-06T07:16:41.818Z] [work-queue] {"queuedWork":[],"queueLength":0,"runningWork":[],"workRunningCount":0}
[debug] [2023-12-06T07:17:08.144Z] [work-queue] {"queuedWork":["/testingfirebase-3e0f7/us-central1/api/post-2023-12-06T07:17:08.144Z"],"queueLength":1,"runningWork":[],"workRunningCount":0}
[debug] [2023-12-06T07:17:08.145Z] [work-queue] {"queuedWork":[],"queueLength":0,"runningWork":["/testingfirebase-3e0f7/us-central1/api/post-2023-12-06T07:17:08.144Z"],"workRunningCount":1}
[debug] [2023-12-06T07:17:08.145Z] Accepted request POST /testingfirebase-3e0f7/us-central1/api/post --> us-central1-api
[debug] [2023-12-06T07:17:08.150Z] [functions] Runtime ready! Sending request! {"metadata":{"emulator":{"name":"functions"},"message":"[functions] Runtime ready! Sending request!"}}
[debug] [2023-12-06T07:17:08.150Z] [functions] Got req.url=/testingfirebase-3e0f7/us-central1/api/post, mapping to path=/post {"metadata":{"emulator":{"name":"functions"},"message":"[functions] Got req.url=/testingfirebase-3e0f7/us-central1/api/post, mapping to path=/post"}}
[debug] [2023-12-06T07:17:08.150Z] [worker-pool] submitRequest(triggerId=us-central1-api) {"metadata":{"emulator":{"name":"functions"},"message":"[worker-pool] submitRequest(triggerId=us-central1-api)"}}
[info] i  functions: Beginning execution of "us-central1-api" {"metadata":{"emulator":{"name":"functions"},"function":{"name":"us-central1-api"},"extension":{},"message":"Beginning execution of \"us-central1-api\""}}
[debug] [2023-12-06T07:17:08.151Z] [worker-us-central1-api-0dded8ee-d05c-4310-8c0e-ef8b0968c787]: BUSY {"metadata":{"emulator":{"name":"functions"},"function":{"name":"us-central1-api"},"extension":{},"message":"[worker-us-central1-api-0dded8ee-d05c-4310-8c0e-ef8b0968c787]: BUSY"}}
[info] >  no token found {"user":"no token found","metadata":{"emulator":{"name":"functions"},"function":{"name":"us-central1-api"},"extension":{},"message":"\u001b[90m> \u001b[39m no token found"}}
[debug] [2023-12-06T07:17:08.155Z] Finishing up request with event=pause {"metadata":{"emulator":{"name":"functions"},"function":{"name":"us-central1-api"},"extension":{},"message":"Finishing up request with event=pause"}}
[info] i  functions: Finished "us-central1-api" in 4.6498ms {"metadata":{"emulator":{"name":"functions"},"function":{"name":"us-central1-api"},"extension":{},"message":"Finished \"us-central1-api\" in 4.6498ms"}}
[debug] [2023-12-06T07:17:08.159Z] [worker-us-central1-api-0dded8ee-d05c-4310-8c0e-ef8b0968c787]: IDLE {"metadata":{"emulator":{"name":"functions"},"function":{"name":"us-central1-api"},"extension":{},"message":"[worker-us-central1-api-0dded8ee-d05c-4310-8c0e-ef8b0968c787]: IDLE"}}
[debug] [2023-12-06T07:17:08.159Z] Finishing up request with event=finish {"metadata":{"emulator":{"name":"functions"},"function":{"name":"us-central1-api"},"extension":{},"message":"Finishing up request with event=finish"}}
[debug] [2023-12-06T07:17:08.159Z] Finishing up request with event=close {"metadata":{"emulator":{"name":"functions"},"function":{"name":"us-central1-api"},"extension":{},"message":"Finishing up request with event=close"}}
[debug] [2023-12-06T07:17:08.159Z] [work-queue] {"queuedWork":[],"queueLength":0,"runningWork":[],"workRunningCount":0}
[debug] [2023-12-06T07:21:39.500Z] [work-queue] {"queuedWork":["/testingfirebase-3e0f7/us-central1/api/post-2023-12-06T07:21:39.500Z"],"queueLength":1,"runningWork":[],"workRunningCount":0}
[debug] [2023-12-06T07:21:39.500Z] [work-queue] {"queuedWork":[],"queueLength":0,"runningWork":["/testingfirebase-3e0f7/us-central1/api/post-2023-12-06T07:21:39.500Z"],"workRunningCount":1}
[debug] [2023-12-06T07:21:39.500Z] Accepted request POST /testingfirebase-3e0f7/us-central1/api/post --> us-central1-api
[debug] [2023-12-06T07:21:39.507Z] [functions] Runtime ready! Sending request! {"metadata":{"emulator":{"name":"functions"},"message":"[functions] Runtime ready! Sending request!"}}
[debug] [2023-12-06T07:21:39.507Z] [functions] Got req.url=/testingfirebase-3e0f7/us-central1/api/post, mapping to path=/post {"metadata":{"emulator":{"name":"functions"},"message":"[functions] Got req.url=/testingfirebase-3e0f7/us-central1/api/post, mapping to path=/post"}}
[debug] [2023-12-06T07:21:39.507Z] [worker-pool] submitRequest(triggerId=us-central1-api) {"metadata":{"emulator":{"name":"functions"},"message":"[worker-pool] submitRequest(triggerId=us-central1-api)"}}
[info] i  functions: Beginning execution of "us-central1-api" {"metadata":{"emulator":{"name":"functions"},"function":{"name":"us-central1-api"},"extension":{},"message":"Beginning execution of \"us-central1-api\""}}
[debug] [2023-12-06T07:21:39.509Z] [worker-us-central1-api-0dded8ee-d05c-4310-8c0e-ef8b0968c787]: BUSY {"metadata":{"emulator":{"name":"functions"},"function":{"name":"us-central1-api"},"extension":{},"message":"[worker-us-central1-api-0dded8ee-d05c-4310-8c0e-ef8b0968c787]: BUSY"}}
[warn] !  functions: The Firebase Authentication emulator is not running, so calls to Firebase Authentication will affect production. {"metadata":{"emulator":{"name":"functions"},"function":{"name":"us-central1-api"},"extension":{},"message":"The Firebase Authentication emulator is not running, so calls to Firebase Authentication will affect production."}}
[info] >  { {"user":"{","metadata":{"emulator":{"name":"functions"},"function":{"name":"us-central1-api"},"extension":{},"message":"\u001b[90m> \u001b[39m {"}}
[info] >    iss: 'https://securetoken.google.com/testingfirebase-3e0f7', {"user":"  iss: 'https://securetoken.google.com/testingfirebase-3e0f7',","metadata":{"emulator":{"name":"functions"},"function":{"name":"us-central1-api"},"extension":{},"message":"\u001b[90m> \u001b[39m   iss: 'https://securetoken.google.com/testingfirebase-3e0f7',"}}
[info] >    aud: 'testingfirebase-3e0f7', {"user":"  aud: 'testingfirebase-3e0f7',","metadata":{"emulator":{"name":"functions"},"function":{"name":"us-central1-api"},"extension":{},"message":"\u001b[90m> \u001b[39m   aud: 'testingfirebase-3e0f7',"}}
[info] >    auth_time: 1701846784, {"user":"  auth_time: 1701846784,","metadata":{"emulator":{"name":"functions"},"function":{"name":"us-central1-api"},"extension":{},"message":"\u001b[90m> \u001b[39m   auth_time: 1701846784,"}}
[info] >    user_id: 'OKR90kmxosgnvH2KGQzYa9XbPKB3', {"user":"  user_id: 'OKR90kmxosgnvH2KGQzYa9XbPKB3',","metadata":{"emulator":{"name":"functions"},"function":{"name":"us-central1-api"},"extension":{},"message":"\u001b[90m> \u001b[39m   user_id: 'OKR90kmxosgnvH2KGQzYa9XbPKB3',"}}
[info] >    sub: 'OKR90kmxosgnvH2KGQzYa9XbPKB3', {"user":"  sub: 'OKR90kmxosgnvH2KGQzYa9XbPKB3',","metadata":{"emulator":{"name":"functions"},"function":{"name":"us-central1-api"},"extension":{},"message":"\u001b[90m> \u001b[39m   sub: 'OKR90kmxosgnvH2KGQzYa9XbPKB3',"}}
[info] >    iat: 1701846784, {"user":"  iat: 1701846784,","metadata":{"emulator":{"name":"functions"},"function":{"name":"us-central1-api"},"extension":{},"message":"\u001b[90m> \u001b[39m   iat: 1701846784,"}}
[info] >    exp: 1701850384, {"user":"  exp: 1701850384,","metadata":{"emulator":{"name":"functions"},"function":{"name":"us-central1-api"},"extension":{},"message":"\u001b[90m> \u001b[39m   exp: 1701850384,"}}
[info] >    email: 'rintik@gmail.com', {"user":"  email: 'rintik@gmail.com',","metadata":{"emulator":{"name":"functions"},"function":{"name":"us-central1-api"},"extension":{},"message":"\u001b[90m> \u001b[39m   email: 'rintik@gmail.com',"}}
[info] >    email_verified: false, {"user":"  email_verified: false,","metadata":{"emulator":{"name":"functions"},"function":{"name":"us-central1-api"},"extension":{},"message":"\u001b[90m> \u001b[39m   email_verified: false,"}}
[info] >    firebase: { identities: { email: [Array] }, sign_in_provider: 'password' }, {"user":"  firebase: { identities: { email: [Array] }, sign_in_provider: 'password' },","metadata":{"emulator":{"name":"functions"},"function":{"name":"us-central1-api"},"extension":{},"message":"\u001b[90m> \u001b[39m   firebase: { identities: { email: [Array] }, sign_in_provider: 'password' },"}}
[info] >    uid: 'OKR90kmxosgnvH2KGQzYa9XbPKB3' {"user":"  uid: 'OKR90kmxosgnvH2KGQzYa9XbPKB3'","metadata":{"emulator":{"name":"functions"},"function":{"name":"us-central1-api"},"extension":{},"message":"\u001b[90m> \u001b[39m   uid: 'OKR90kmxosgnvH2KGQzYa9XbPKB3'"}}
[info] >  } {"user":"}","metadata":{"emulator":{"name":"functions"},"function":{"name":"us-central1-api"},"extension":{},"message":"\u001b[90m> \u001b[39m }"}}
[info] >  error verifying token ReferenceError: db is not defined {"user":"error verifying token ReferenceError: db is not defined","metadata":{"emulator":{"name":"functions"},"function":{"name":"us-central1-api"},"extension":{},"message":"\u001b[90m> \u001b[39m error verifying token ReferenceError: db is not defined"}}
[info] >      at D:\cat304\RINTIK\backend\functions\util\FBAuth.js:16:13 {"user":"    at D:\\cat304\\RINTIK\\backend\\functions\\util\\FBAuth.js:16:13","metadata":{"emulator":{"name":"functions"},"function":{"name":"us-central1-api"},"extension":{},"message":"\u001b[90m> \u001b[39m     at D:\\cat304\\RINTIK\\backend\\functions\\util\\FBAuth.js:16:13"}}
[info] >      at process.processTicksAndRejections (node:internal/process/task_queues:95:5) {"user":"    at process.processTicksAndRejections (node:internal/process/task_queues:95:5)","metadata":{"emulator":{"name":"functions"},"function":{"name":"us-central1-api"},"extension":{},"message":"\u001b[90m> \u001b[39m     at process.processTicksAndRejections (node:internal/process/task_queues:95:5)"}}
[debug] [2023-12-06T07:21:39.618Z] Finishing up request with event=pause {"metadata":{"emulator":{"name":"functions"},"function":{"name":"us-central1-api"},"extension":{},"message":"Finishing up request with event=pause"}}
[info] i  functions: Finished "us-central1-api" in 109.0774ms {"metadata":{"emulator":{"name":"functions"},"function":{"name":"us-central1-api"},"extension":{},"message":"Finished \"us-central1-api\" in 109.0774ms"}}
[debug] [2023-12-06T07:21:39.620Z] [worker-us-central1-api-0dded8ee-d05c-4310-8c0e-ef8b0968c787]: IDLE {"metadata":{"emulator":{"name":"functions"},"function":{"name":"us-central1-api"},"extension":{},"message":"[worker-us-central1-api-0dded8ee-d05c-4310-8c0e-ef8b0968c787]: IDLE"}}
[debug] [2023-12-06T07:21:39.622Z] Finishing up request with event=finish {"metadata":{"emulator":{"name":"functions"},"function":{"name":"us-central1-api"},"extension":{},"message":"Finishing up request with event=finish"}}
[debug] [2023-12-06T07:21:39.623Z] Finishing up request with event=close {"metadata":{"emulator":{"name":"functions"},"function":{"name":"us-central1-api"},"extension":{},"message":"Finishing up request with event=close"}}
[debug] [2023-12-06T07:21:39.623Z] [work-queue] {"queuedWork":[],"queueLength":0,"runningWork":[],"workRunningCount":0}
[debug] [2023-12-06T07:22:26.576Z] File D:\cat304\RINTIK\backend\functions\util\FBAuth.js changed, reloading triggers {"metadata":{"emulator":{"name":"functions"},"message":"File D:\\cat304\\RINTIK\\backend\\functions\\util\\FBAuth.js changed, reloading triggers"}}
[debug] [2023-12-06T07:22:27.583Z] Validating nodejs source
[debug] [2023-12-06T07:22:30.336Z] > [functions] package.json contents: {
  "name": "functions",
  "description": "Cloud Functions for Firebase",
  "scripts": {
    "serve": "firebase emulators:start --only functions",
    "shell": "firebase functions:shell",
    "start": "npm run shell",
    "deploy": "firebase deploy --only functions",
    "logs": "firebase functions:log",
    "build": "webpack"
  },
  "engines": {
    "node": "18"
  },
  "main": "index.js",
  "dependencies": {
    "busboy": "^1.6.0",
    "express": "^4.18.2",
    "firebase": "^10.7.0",
    "firebase-admin": "^11.8.0",
    "firebase-functions": "^4.3.1"
  },
  "devDependencies": {
    "firebase-functions-test": "^3.1.0"
  },
  "private": true
}
[debug] [2023-12-06T07:22:30.336Z] Building nodejs source
[debug] [2023-12-06T07:22:30.337Z] Failed to find version of module node: reached end of search path D:\cat304\RINTIK\backend\functions\node_modules
[warn] !  functions: Your requested "node" version "18" doesn't match your global version "20". Using node@20 from host. 
[debug] [2023-12-06T07:22:30.338Z] Could not find functions.yaml. Must use http discovery
[debug] [2023-12-06T07:22:30.366Z] Found firebase-functions binary at 'D:\cat304\RINTIK\backend\functions\node_modules\.bin\firebase-functions'
[info] Serving at port 8487

[debug] [2023-12-06T07:22:31.106Z] Got response from /__/functions.yaml {"endpoints":{"api":{"availableMemoryMb":null,"timeoutSeconds":null,"minInstances":null,"maxInstances":null,"ingressSettings":null,"concurrency":null,"serviceAccountEmail":null,"vpc":null,"platform":"gcfv2","labels":{},"httpsTrigger":{},"entryPoint":"api"}},"specVersion":"v1alpha1","requiredAPIs":[]}
[info] +  functions: Loaded functions definitions from source: api. {"metadata":{"emulator":{"name":"functions"},"message":"Loaded functions definitions from source: api."}}
[debug] [2023-12-06T07:22:36.170Z] [worker-pool] Shutting down IDLE worker (us-central1-api) {"metadata":{"emulator":{"name":"functions"},"message":"[worker-pool] Shutting down IDLE worker (us-central1-api)"}}
[debug] [2023-12-06T07:22:36.170Z] [worker-us-central1-api-0dded8ee-d05c-4310-8c0e-ef8b0968c787]: FINISHING {"metadata":{"emulator":{"name":"functions"},"function":{"name":"us-central1-api"},"extension":{},"message":"[worker-us-central1-api-0dded8ee-d05c-4310-8c0e-ef8b0968c787]: FINISHING"}}
[debug] [2023-12-06T07:22:36.208Z] [worker-us-central1-api-0dded8ee-d05c-4310-8c0e-ef8b0968c787]: exited {"metadata":{"emulator":{"name":"functions"},"function":{"name":"us-central1-api"},"extension":{},"message":"[worker-us-central1-api-0dded8ee-d05c-4310-8c0e-ef8b0968c787]: exited"}}
[debug] [2023-12-06T07:22:36.209Z] [worker-us-central1-api-0dded8ee-d05c-4310-8c0e-ef8b0968c787]: FINISHED {"metadata":{"emulator":{"name":"functions"},"function":{"name":"us-central1-api"},"extension":{},"message":"[worker-us-central1-api-0dded8ee-d05c-4310-8c0e-ef8b0968c787]: FINISHED"}}
[debug] [2023-12-06T07:22:44.146Z] [work-queue] {"queuedWork":["/testingfirebase-3e0f7/us-central1/api/post-2023-12-06T07:22:44.146Z"],"queueLength":1,"runningWork":[],"workRunningCount":0}
[debug] [2023-12-06T07:22:44.147Z] [work-queue] {"queuedWork":[],"queueLength":0,"runningWork":["/testingfirebase-3e0f7/us-central1/api/post-2023-12-06T07:22:44.146Z"],"workRunningCount":1}
[debug] [2023-12-06T07:22:44.147Z] Accepted request POST /testingfirebase-3e0f7/us-central1/api/post --> us-central1-api
[debug] [2023-12-06T07:22:44.153Z] [functions] Runtime ready! Sending request! {"metadata":{"emulator":{"name":"functions"},"message":"[functions] Runtime ready! Sending request!"}}
[debug] [2023-12-06T07:22:44.154Z] [functions] Got req.url=/testingfirebase-3e0f7/us-central1/api/post, mapping to path=/post {"metadata":{"emulator":{"name":"functions"},"message":"[functions] Got req.url=/testingfirebase-3e0f7/us-central1/api/post, mapping to path=/post"}}
[debug] [2023-12-06T07:22:44.154Z] [worker-pool] Cleaned up workers for us-central1-api: 1 --> 0 {"metadata":{"emulator":{"name":"functions"},"message":"[worker-pool] Cleaned up workers for us-central1-api: 1 --> 0"}}
[debug] [2023-12-06T07:22:44.162Z] [worker-pool] addWorker(us-central1-api) {"metadata":{"emulator":{"name":"functions"},"message":"[worker-pool] addWorker(us-central1-api)"}}
[debug] [2023-12-06T07:22:44.163Z] [worker-pool] Adding worker with key us-central1-api, total=1 {"metadata":{"emulator":{"name":"functions"},"message":"[worker-pool] Adding worker with key us-central1-api, total=1"}}
[debug] [2023-12-06T07:22:46.127Z] [runtime-status] [12592] Resolved module firebase-admin {"declared":true,"installed":true,"version":"11.11.0","resolution":"D:\\cat304\\RINTIK\\backend\\functions\\node_modules\\firebase-admin\\lib\\index.js"} {"metadata":{"emulator":{"name":"functions"},"function":{"name":"us-central1-api"},"extension":{},"message":"[runtime-status] [12592] Resolved module firebase-admin {\"declared\":true,\"installed\":true,\"version\":\"11.11.0\",\"resolution\":\"D:\\\\cat304\\\\RINTIK\\\\backend\\\\functions\\\\node_modules\\\\firebase-admin\\\\lib\\\\index.js\"}"}}
[debug] [2023-12-06T07:22:46.129Z] [runtime-status] [12592] Resolved module firebase-functions {"declared":true,"installed":true,"version":"4.5.0","resolution":"D:\\cat304\\RINTIK\\backend\\functions\\node_modules\\firebase-functions\\lib\\v1\\index.js"} {"metadata":{"emulator":{"name":"functions"},"function":{"name":"us-central1-api"},"extension":{},"message":"[runtime-status] [12592] Resolved module firebase-functions {\"declared\":true,\"installed\":true,\"version\":\"4.5.0\",\"resolution\":\"D:\\\\cat304\\\\RINTIK\\\\backend\\\\functions\\\\node_modules\\\\firebase-functions\\\\lib\\\\v1\\\\index.js\"}"}}
[debug] [2023-12-06T07:22:46.130Z] [runtime-status] [12592] Outgoing network have been stubbed. [{"name":"http","status":"mocked"},{"name":"http","status":"mocked"},{"name":"https","status":"mocked"},{"name":"https","status":"mocked"},{"name":"net","status":"mocked"}] {"metadata":{"emulator":{"name":"functions"},"function":{"name":"us-central1-api"},"extension":{},"message":"[runtime-status] [12592] Outgoing network have been stubbed. [{\"name\":\"http\",\"status\":\"mocked\"},{\"name\":\"http\",\"status\":\"mocked\"},{\"name\":\"https\",\"status\":\"mocked\"},{\"name\":\"https\",\"status\":\"mocked\"},{\"name\":\"net\",\"status\":\"mocked\"}]"}}
[debug] [2023-12-06T07:22:46.134Z] [runtime-status] [12592] Resolved module firebase-functions {"declared":true,"installed":true,"version":"4.5.0","resolution":"D:\\cat304\\RINTIK\\backend\\functions\\node_modules\\firebase-functions\\lib\\v1\\index.js"} {"metadata":{"emulator":{"name":"functions"},"function":{"name":"us-central1-api"},"extension":{},"message":"[runtime-status] [12592] Resolved module firebase-functions {\"declared\":true,\"installed\":true,\"version\":\"4.5.0\",\"resolution\":\"D:\\\\cat304\\\\RINTIK\\\\backend\\\\functions\\\\node_modules\\\\firebase-functions\\\\lib\\\\v1\\\\index.js\"}"}}
[debug] [2023-12-06T07:22:46.522Z] [runtime-status] [12592] Checked functions.config() {"config":{}} {"metadata":{"emulator":{"name":"functions"},"function":{"name":"us-central1-api"},"extension":{},"message":"[runtime-status] [12592] Checked functions.config() {\"config\":{}}"}}
[debug] [2023-12-06T07:22:46.522Z] [runtime-status] [12592] firebase-functions has been stubbed. {"functionsResolution":{"declared":true,"installed":true,"version":"4.5.0","resolution":"D:\\cat304\\RINTIK\\backend\\functions\\node_modules\\firebase-functions\\lib\\v1\\index.js"}} {"metadata":{"emulator":{"name":"functions"},"function":{"name":"us-central1-api"},"extension":{},"message":"[runtime-status] [12592] firebase-functions has been stubbed. {\"functionsResolution\":{\"declared\":true,\"installed\":true,\"version\":\"4.5.0\",\"resolution\":\"D:\\\\cat304\\\\RINTIK\\\\backend\\\\functions\\\\node_modules\\\\firebase-functions\\\\lib\\\\v1\\\\index.js\"}}"}}
[debug] [2023-12-06T07:22:46.523Z] [runtime-status] [12592] Resolved module firebase-functions {"declared":true,"installed":true,"version":"4.5.0","resolution":"D:\\cat304\\RINTIK\\backend\\functions\\node_modules\\firebase-functions\\lib\\v1\\index.js"} {"metadata":{"emulator":{"name":"functions"},"function":{"name":"us-central1-api"},"extension":{},"message":"[runtime-status] [12592] Resolved module firebase-functions {\"declared\":true,\"installed\":true,\"version\":\"4.5.0\",\"resolution\":\"D:\\\\cat304\\\\RINTIK\\\\backend\\\\functions\\\\node_modules\\\\firebase-functions\\\\lib\\\\v1\\\\index.js\"}"}}
[debug] [2023-12-06T07:22:46.524Z] [runtime-status] [12592] Resolved module firebase-admin {"declared":true,"installed":true,"version":"11.11.0","resolution":"D:\\cat304\\RINTIK\\backend\\functions\\node_modules\\firebase-admin\\lib\\index.js"} {"metadata":{"emulator":{"name":"functions"},"function":{"name":"us-central1-api"},"extension":{},"message":"[runtime-status] [12592] Resolved module firebase-admin {\"declared\":true,\"installed\":true,\"version\":\"11.11.0\",\"resolution\":\"D:\\\\cat304\\\\RINTIK\\\\backend\\\\functions\\\\node_modules\\\\firebase-admin\\\\lib\\\\index.js\"}"}}
[debug] [2023-12-06T07:22:46.527Z] [runtime-status] [12592] Resolved module firebase-functions {"declared":true,"installed":true,"version":"4.5.0","resolution":"D:\\cat304\\RINTIK\\backend\\functions\\node_modules\\firebase-functions\\lib\\v1\\index.js"} {"metadata":{"emulator":{"name":"functions"},"function":{"name":"us-central1-api"},"extension":{},"message":"[runtime-status] [12592] Resolved module firebase-functions {\"declared\":true,\"installed\":true,\"version\":\"4.5.0\",\"resolution\":\"D:\\\\cat304\\\\RINTIK\\\\backend\\\\functions\\\\node_modules\\\\firebase-functions\\\\lib\\\\v1\\\\index.js\"}"}}
[debug] [2023-12-06T07:22:46.527Z] [runtime-status] [12592] firebase-admin has been stubbed. {"adminResolution":{"declared":true,"installed":true,"version":"11.11.0","resolution":"D:\\cat304\\RINTIK\\backend\\functions\\node_modules\\firebase-admin\\lib\\index.js"}} {"metadata":{"emulator":{"name":"functions"},"function":{"name":"us-central1-api"},"extension":{},"message":"[runtime-status] [12592] firebase-admin has been stubbed. {\"adminResolution\":{\"declared\":true,\"installed\":true,\"version\":\"11.11.0\",\"resolution\":\"D:\\\\cat304\\\\RINTIK\\\\backend\\\\functions\\\\node_modules\\\\firebase-admin\\\\lib\\\\index.js\"}}"}}
[debug] [2023-12-06T07:22:46.707Z] [runtime-status] [12592] initializeApp(DEFAULT) {"storageBucket":"testingfirebase-3e0f7.appspot.com","databaseURL":"https://testingfirebase-3e0f7-default-rtdb.firebaseio.com","projectId":"testingfirebase-3e0f7"} {"metadata":{"emulator":{"name":"functions"},"function":{"name":"us-central1-api"},"extension":{},"message":"[runtime-status] [12592] initializeApp(DEFAULT) {\"storageBucket\":\"testingfirebase-3e0f7.appspot.com\",\"databaseURL\":\"https://testingfirebase-3e0f7-default-rtdb.firebaseio.com\",\"projectId\":\"testingfirebase-3e0f7\"}"}}
[debug] [2023-12-06T07:22:46.878Z] [runtime-status] [12592] Functions runtime initialized. {"cwd":"D:\\cat304\\RINTIK\\backend\\functions","node_version":"20.9.0"} {"metadata":{"emulator":{"name":"functions"},"function":{"name":"us-central1-api"},"extension":{},"message":"[runtime-status] [12592] Functions runtime initialized. {\"cwd\":\"D:\\\\cat304\\\\RINTIK\\\\backend\\\\functions\",\"node_version\":\"20.9.0\"}"}}
[debug] [2023-12-06T07:22:46.879Z] [runtime-status] [12592] Listening to port: \\?\pipe\fire_emu_1ccefd28b8f70240 {"metadata":{"emulator":{"name":"functions"},"function":{"name":"us-central1-api"},"extension":{},"message":"[runtime-status] [12592] Listening to port: \\\\?\\pipe\\fire_emu_1ccefd28b8f70240"}}
[debug] [2023-12-06T07:22:46.971Z] [worker-us-central1-api-0ded63f8-6237-44c7-8798-50675b9db3d1]: IDLE {"metadata":{"emulator":{"name":"functions"},"function":{"name":"us-central1-api"},"extension":{},"message":"[worker-us-central1-api-0ded63f8-6237-44c7-8798-50675b9db3d1]: IDLE"}}
[debug] [2023-12-06T07:22:46.972Z] [worker-pool] submitRequest(triggerId=us-central1-api) {"metadata":{"emulator":{"name":"functions"},"message":"[worker-pool] submitRequest(triggerId=us-central1-api)"}}
[info] i  functions: Beginning execution of "us-central1-api" {"metadata":{"emulator":{"name":"functions"},"function":{"name":"us-central1-api"},"extension":{},"message":"Beginning execution of \"us-central1-api\""}}
[debug] [2023-12-06T07:22:46.972Z] [worker-us-central1-api-0ded63f8-6237-44c7-8798-50675b9db3d1]: BUSY {"metadata":{"emulator":{"name":"functions"},"function":{"name":"us-central1-api"},"extension":{},"message":"[worker-us-central1-api-0ded63f8-6237-44c7-8798-50675b9db3d1]: BUSY"}}
[info] >  { {"user":"{","metadata":{"emulator":{"name":"functions"},"function":{"name":"us-central1-api"},"extension":{},"message":"\u001b[90m> \u001b[39m {"}}
[info] >    iss: 'https://securetoken.google.com/testingfirebase-3e0f7', {"user":"  iss: 'https://securetoken.google.com/testingfirebase-3e0f7',","metadata":{"emulator":{"name":"functions"},"function":{"name":"us-central1-api"},"extension":{},"message":"\u001b[90m> \u001b[39m   iss: 'https://securetoken.google.com/testingfirebase-3e0f7',"}}
[info] >    aud: 'testingfirebase-3e0f7', {"user":"  aud: 'testingfirebase-3e0f7',","metadata":{"emulator":{"name":"functions"},"function":{"name":"us-central1-api"},"extension":{},"message":"\u001b[90m> \u001b[39m   aud: 'testingfirebase-3e0f7',"}}
[info] >    auth_time: 1701846784, {"user":"  auth_time: 1701846784,","metadata":{"emulator":{"name":"functions"},"function":{"name":"us-central1-api"},"extension":{},"message":"\u001b[90m> \u001b[39m   auth_time: 1701846784,"}}
[info] >    user_id: 'OKR90kmxosgnvH2KGQzYa9XbPKB3', {"user":"  user_id: 'OKR90kmxosgnvH2KGQzYa9XbPKB3',","metadata":{"emulator":{"name":"functions"},"function":{"name":"us-central1-api"},"extension":{},"message":"\u001b[90m> \u001b[39m   user_id: 'OKR90kmxosgnvH2KGQzYa9XbPKB3',"}}
[info] >    sub: 'OKR90kmxosgnvH2KGQzYa9XbPKB3', {"user":"  sub: 'OKR90kmxosgnvH2KGQzYa9XbPKB3',","metadata":{"emulator":{"name":"functions"},"function":{"name":"us-central1-api"},"extension":{},"message":"\u001b[90m> \u001b[39m   sub: 'OKR90kmxosgnvH2KGQzYa9XbPKB3',"}}
[info] >    iat: 1701846784, {"user":"  iat: 1701846784,","metadata":{"emulator":{"name":"functions"},"function":{"name":"us-central1-api"},"extension":{},"message":"\u001b[90m> \u001b[39m   iat: 1701846784,"}}
[info] >    exp: 1701850384, {"user":"  exp: 1701850384,","metadata":{"emulator":{"name":"functions"},"function":{"name":"us-central1-api"},"extension":{},"message":"\u001b[90m> \u001b[39m   exp: 1701850384,"}}
[info] >    email: 'rintik@gmail.com', {"user":"  email: 'rintik@gmail.com',","metadata":{"emulator":{"name":"functions"},"function":{"name":"us-central1-api"},"extension":{},"message":"\u001b[90m> \u001b[39m   email: 'rintik@gmail.com',"}}
[info] >    email_verified: false, {"user":"  email_verified: false,","metadata":{"emulator":{"name":"functions"},"function":{"name":"us-central1-api"},"extension":{},"message":"\u001b[90m> \u001b[39m   email_verified: false,"}}
[info] >    firebase: { identities: { email: [Array] }, sign_in_provider: 'password' }, {"user":"  firebase: { identities: { email: [Array] }, sign_in_provider: 'password' },","metadata":{"emulator":{"name":"functions"},"function":{"name":"us-central1-api"},"extension":{},"message":"\u001b[90m> \u001b[39m   firebase: { identities: { email: [Array] }, sign_in_provider: 'password' },"}}
[info] >    uid: 'OKR90kmxosgnvH2KGQzYa9XbPKB3' {"user":"  uid: 'OKR90kmxosgnvH2KGQzYa9XbPKB3'","metadata":{"emulator":{"name":"functions"},"function":{"name":"us-central1-api"},"extension":{},"message":"\u001b[90m> \u001b[39m   uid: 'OKR90kmxosgnvH2KGQzYa9XbPKB3'"}}
[info] >  } {"user":"}","metadata":{"emulator":{"name":"functions"},"function":{"name":"us-central1-api"},"extension":{},"message":"\u001b[90m> \u001b[39m }"}}
[warn] !  Google API requested!
   - URL: "https://oauth2.googleapis.com/token"
   - Be careful, this may be a production service. {"metadata":{"emulator":{"name":"functions"},"function":{"name":"us-central1-api"},"extension":{},"message":"Google API requested!\n   - URL: \"https://oauth2.googleapis.com/token\"\n   - Be careful, this may be a production service."}}
[debug] [2023-12-06T07:22:50.140Z] Finishing up request with event=pause {"metadata":{"emulator":{"name":"functions"},"function":{"name":"us-central1-api"},"extension":{},"message":"Finishing up request with event=pause"}}
[info] i  functions: Finished "us-central1-api" in 3169.2344ms {"metadata":{"emulator":{"name":"functions"},"function":{"name":"us-central1-api"},"extension":{},"message":"Finished \"us-central1-api\" in 3169.2344ms"}}
[debug] [2023-12-06T07:22:50.144Z] [worker-us-central1-api-0ded63f8-6237-44c7-8798-50675b9db3d1]: IDLE {"metadata":{"emulator":{"name":"functions"},"function":{"name":"us-central1-api"},"extension":{},"message":"[worker-us-central1-api-0ded63f8-6237-44c7-8798-50675b9db3d1]: IDLE"}}
[debug] [2023-12-06T07:22:50.144Z] Finishing up request with event=finish {"metadata":{"emulator":{"name":"functions"},"function":{"name":"us-central1-api"},"extension":{},"message":"Finishing up request with event=finish"}}
[debug] [2023-12-06T07:22:50.145Z] Finishing up request with event=close {"metadata":{"emulator":{"name":"functions"},"function":{"name":"us-central1-api"},"extension":{},"message":"Finishing up request with event=close"}}
[debug] [2023-12-06T07:22:50.145Z] [work-queue] {"queuedWork":[],"queueLength":0,"runningWork":[],"workRunningCount":0}
